[ 2016-12-19T13:30:10+08:00 ] ::1 /cytest/admin.php
INFO: [ app_init ] --START--
INFO: Run Behavior\BuildLiteBehavior [ RunTime:0.000015s ]
SQL: SHOW COLUMNS FROM `mke_admin_config` [ RunTime:0.0283s ]
SQL: SELECT `name`,`value`,`type` FROM `mke_admin_config` WHERE `status` = 1  [ RunTime:0.0286s ]
SQL: SHOW COLUMNS FROM `mke_admin_module` [ RunTime:0.0296s ]
SQL: SELECT `name` FROM `mke_admin_module` WHERE `status` = 1 AND `is_system` = 0  [ RunTime:0.0266s ]
INFO: Run Common\Behavior\InitModuleBehavior [ RunTime:0.242406s ]
INFO: [ app_init ] --END-- [ RunTime:0.242583s ]
INFO: [ app_begin ] --START--
INFO: Run Behavior\ReadHtmlCacheBehavior [ RunTime:0.003832s ]
SQL: SELECT `name`,`value`,`type` FROM `mke_admin_config` WHERE `status` = 1  [ RunTime:0.0273s ]
SQL: SELECT * FROM `mke_admin_module` WHERE `status` = 1  [ RunTime:0.0301s ]
INFO: Run Common\Behavior\InitConfigBehavior [ RunTime:0.076953s ]
INFO: [ app_begin ] --END-- [ RunTime:0.081278s ]
INFO: [ action_begin ] --START--
SQL: SHOW COLUMNS FROM `mke_admin_hook` [ RunTime:0.0272s ]
SQL: SELECT `name`,`addons` FROM `mke_admin_hook`  [ RunTime:0.0281s ]
SQL: SHOW COLUMNS FROM `mke_admin_addon` [ RunTime:0.0272s ]
SQL: SELECT `id`,`name` FROM `mke_admin_addon` WHERE `status` = 1 AND `name` IN ('后台首页小工具','ModelConfigEditor')  [ RunTime:0.0259s ]
SQL: SELECT `id`,`name` FROM `mke_admin_addon` WHERE `status` = 1 AND `name` IN ('RocketToTop')  [ RunTime:0.0308s ]
INFO: Run Common\Behavior\InitHookBehavior [ RunTime:0.150683s ]
INFO: [ action_begin ] --END-- [ RunTime:0.150859s ]
SQL: SHOW COLUMNS FROM `mke_admin_user` [ RunTime:0.0292s ]

[ 2016-12-19T13:30:11+08:00 ] ::1 /cytest/admin.php?s=/Admin/Public/login.html
INFO: [ app_init ] --START--
INFO: Run Behavior\BuildLiteBehavior [ RunTime:0.000016s ]
SQL: SHOW COLUMNS FROM `mke_admin_config` [ RunTime:0.0297s ]
SQL: SELECT `name`,`value`,`type` FROM `mke_admin_config` WHERE `status` = 1  [ RunTime:0.0290s ]
SQL: SHOW COLUMNS FROM `mke_admin_module` [ RunTime:0.0317s ]
SQL: SELECT `name` FROM `mke_admin_module` WHERE `status` = 1 AND `is_system` = 0  [ RunTime:0.0289s ]
INFO: Run Common\Behavior\InitModuleBehavior [ RunTime:0.252326s ]
INFO: [ app_init ] --END-- [ RunTime:0.252451s ]
INFO: [ app_begin ] --START--
INFO: Run Behavior\ReadHtmlCacheBehavior [ RunTime:0.001034s ]
SQL: SELECT `name`,`value`,`type` FROM `mke_admin_config` WHERE `status` = 1  [ RunTime:0.0299s ]
SQL: SELECT * FROM `mke_admin_module` WHERE `status` = 1  [ RunTime:0.0300s ]
INFO: Run Common\Behavior\InitConfigBehavior [ RunTime:0.067064s ]
INFO: [ app_begin ] --END-- [ RunTime:0.068282s ]
INFO: [ action_begin ] --START--
SQL: SHOW COLUMNS FROM `mke_admin_hook` [ RunTime:0.0290s ]
SQL: SELECT `name`,`addons` FROM `mke_admin_hook`  [ RunTime:0.0289s ]
SQL: SHOW COLUMNS FROM `mke_admin_addon` [ RunTime:0.0379s ]
SQL: SELECT `id`,`name` FROM `mke_admin_addon` WHERE `status` = 1 AND `name` IN ('后台首页小工具','ModelConfigEditor')  [ RunTime:0.5020s ]
SQL: SELECT `id`,`name` FROM `mke_admin_addon` WHERE `status` = 1 AND `name` IN ('RocketToTop')  [ RunTime:0.0292s ]
INFO: Run Common\Behavior\InitHookBehavior [ RunTime:0.637643s ]
INFO: [ action_begin ] --END-- [ RunTime:0.637889s ]
SQL: SELECT `user_nav` FROM `mke_admin_module` WHERE `status` = 1  [ RunTime:0.0289s ]
SQL: SELECT `title` FROM `mke_admin_module` WHERE `name` = 'Admin' LIMIT 1   [ RunTime:0.0306s ]
INFO: [ view_parse ] --START--
INFO: [ template_filter ] --START--
INFO: Run Behavior\ContentReplaceBehavior [ RunTime:0.000335s ]
INFO: [ template_filter ] --END-- [ RunTime:0.000456s ]
INFO: Run Behavior\ParseTemplateBehavior [ RunTime:0.040280s ]
INFO: [ view_parse ] --END-- [ RunTime:0.040462s ]
INFO: [ view_filter ] --START--
INFO: Run Behavior\WriteHtmlCacheBehavior [ RunTime:0.001396s ]
INFO: [ view_filter ] --END-- [ RunTime:0.001506s ]
INFO: [ app_end ] --START--
INFO: Run Behavior\ShowPageTraceBehavior [ RunTime:0.001845s ]
INFO: [ app_end ] --END-- [ RunTime:0.001978s ]

[ 2016-12-19T13:30:16+08:00 ] ::1 /cytest/admin.php?s=/Admin/Public/login.html
INFO: [ app_init ] --START--
INFO: Run Behavior\BuildLiteBehavior [ RunTime:0.000020s ]
SQL: SHOW COLUMNS FROM `mke_admin_config` [ RunTime:0.0244s ]
SQL: SELECT `name`,`value`,`type` FROM `mke_admin_config` WHERE `status` = 1  [ RunTime:0.0238s ]
SQL: SHOW COLUMNS FROM `mke_admin_module` [ RunTime:0.0238s ]
SQL: SELECT `name` FROM `mke_admin_module` WHERE `status` = 1 AND `is_system` = 0  [ RunTime:0.0234s ]
INFO: Run Common\Behavior\InitModuleBehavior [ RunTime:0.214475s ]
INFO: [ app_init ] --END-- [ RunTime:0.214711s ]
INFO: [ app_begin ] --START--
INFO: Run Behavior\ReadHtmlCacheBehavior [ RunTime:0.002898s ]
SQL: SELECT `name`,`value`,`type` FROM `mke_admin_config` WHERE `status` = 1  [ RunTime:0.0241s ]
SQL: SELECT * FROM `mke_admin_module` WHERE `status` = 1  [ RunTime:0.0264s ]
INFO: Run Common\Behavior\InitConfigBehavior [ RunTime:0.059394s ]
INFO: [ app_begin ] --END-- [ RunTime:0.062558s ]
INFO: [ action_begin ] --START--
SQL: SHOW COLUMNS FROM `mke_admin_hook` [ RunTime:0.0239s ]
SQL: SELECT `name`,`addons` FROM `mke_admin_hook`  [ RunTime:0.0231s ]
SQL: SHOW COLUMNS FROM `mke_admin_addon` [ RunTime:0.0241s ]
SQL: SELECT `id`,`name` FROM `mke_admin_addon` WHERE `status` = 1 AND `name` IN ('后台首页小工具','ModelConfigEditor')  [ RunTime:0.0223s ]
SQL: SELECT `id`,`name` FROM `mke_admin_addon` WHERE `status` = 1 AND `name` IN ('RocketToTop')  [ RunTime:0.0216s ]
INFO: Run Common\Behavior\InitHookBehavior [ RunTime:0.123799s ]
INFO: [ action_begin ] --END-- [ RunTime:0.123946s ]
SQL: SHOW COLUMNS FROM `mke_admin_user` [ RunTime:0.0289s ]
SQL: SELECT * FROM `mke_admin_user` WHERE `username` = 'admin' AND `status` = 1 LIMIT 1   [ RunTime:0.0240s ]
SQL: SHOW COLUMNS FROM `mke_admin_upload` [ RunTime:0.0267s ]
SQL: SELECT COUNT(*) AS tp_count FROM `mke_admin_module` WHERE ( name="User" and status="1" ) LIMIT 1   [ RunTime:0.0235s ]
SQL: SHOW COLUMNS FROM `mke_admin_access` [ RunTime:0.0445s ]
SQL: SELECT * FROM `mke_admin_access` WHERE `uid` = 1 LIMIT 1   [ RunTime:0.0234s ]

[ 2016-12-19T13:30:19+08:00 ] ::1 /cytest/admin.php?s=/Admin/Index/index.html
INFO: [ app_init ] --START--
INFO: Run Behavior\BuildLiteBehavior [ RunTime:0.000016s ]
SQL: SHOW COLUMNS FROM `mke_admin_config` [ RunTime:0.0296s ]
SQL: SELECT `name`,`value`,`type` FROM `mke_admin_config` WHERE `status` = 1  [ RunTime:0.0273s ]
SQL: SHOW COLUMNS FROM `mke_admin_module` [ RunTime:0.0284s ]
SQL: SELECT `name` FROM `mke_admin_module` WHERE `status` = 1 AND `is_system` = 0  [ RunTime:0.0296s ]
INFO: Run Common\Behavior\InitModuleBehavior [ RunTime:0.252785s ]
INFO: [ app_init ] --END-- [ RunTime:0.252922s ]
INFO: [ app_begin ] --START--
INFO: Run Behavior\ReadHtmlCacheBehavior [ RunTime:0.001413s ]
SQL: SELECT `name`,`value`,`type` FROM `mke_admin_config` WHERE `status` = 1  [ RunTime:0.0330s ]
SQL: SELECT * FROM `mke_admin_module` WHERE `status` = 1  [ RunTime:0.0291s ]
INFO: Run Common\Behavior\InitConfigBehavior [ RunTime:0.074326s ]
INFO: [ app_begin ] --END-- [ RunTime:0.076009s ]
INFO: [ action_begin ] --START--
SQL: SHOW COLUMNS FROM `mke_admin_hook` [ RunTime:0.0323s ]
SQL: SELECT `name`,`addons` FROM `mke_admin_hook`  [ RunTime:0.0292s ]
SQL: SHOW COLUMNS FROM `mke_admin_addon` [ RunTime:0.0289s ]
SQL: SELECT `id`,`name` FROM `mke_admin_addon` WHERE `status` = 1 AND `name` IN ('后台首页小工具','ModelConfigEditor')  [ RunTime:0.0276s ]
SQL: SELECT `id`,`name` FROM `mke_admin_addon` WHERE `status` = 1 AND `name` IN ('RocketToTop')  [ RunTime:0.0279s ]
INFO: Run Common\Behavior\InitHookBehavior [ RunTime:0.157099s ]
INFO: [ action_begin ] --END-- [ RunTime:0.157339s ]
SQL: SHOW COLUMNS FROM `mke_admin_user` [ RunTime:0.0292s ]
SQL: SHOW COLUMNS FROM `mke_admin_access` [ RunTime:0.0278s ]
SQL: SELECT `group` FROM `mke_admin_access` WHERE `uid` = 1 LIMIT 1   [ RunTime:0.0304s ]
SQL: SHOW COLUMNS FROM `mke_admin_group` [ RunTime:0.0330s ]
SQL: SELECT * FROM `mke_admin_group` WHERE `id` = 1 LIMIT 1   [ RunTime:0.0283s ]
SQL: SELECT * FROM `mke_admin_module` WHERE `status` = 1 ORDER BY `sort` asc,`id` asc  [ RunTime:0.0322s ]
SQL: SELECT `admin_menu` FROM `mke_admin_module` WHERE `name` = 'Admin' LIMIT 1   [ RunTime:0.0313s ]
SQL: SELECT `user_nav` FROM `mke_admin_module` WHERE `status` = 1  [ RunTime:0.0278s ]
SQL: SELECT `title` FROM `mke_admin_module` WHERE `name` = 'Admin' LIMIT 1   [ RunTime:0.0273s ]
INFO: [ view_parse ] --START--
INFO: [ template_filter ] --START--
INFO: Run Behavior\ContentReplaceBehavior [ RunTime:0.000693s ]
INFO: [ template_filter ] --END-- [ RunTime:0.000801s ]
SQL: select version() as v; [ RunTime:0.0274s ]
INFO: [ AdminIndex ] --START--
SQL: SELECT `id`,`name`,`title`,`logo`,`icon`,`icon_color`,`description`,`developer`,`version`,`user_nav`,`config`,`admin_menu`,`is_system`,`create_time`,`update_time`,`sort`,`status` FROM `mke_admin_module` ORDER BY `sort` asc,`id` asc  [ RunTime:0.0294s ]
SQL: SELECT `id` FROM `mke_admin_addon` WHERE ( name='ModelConfigEditor' ) LIMIT 1   [ RunTime:0.0274s ]
INFO: [ view_parse ] --START--
INFO: [ template_filter ] --START--
INFO: Run Behavior\ContentReplaceBehavior [ RunTime:0.000069s ]
INFO: [ template_filter ] --END-- [ RunTime:-0.101912s ]
INFO: Run Behavior\ParseTemplateBehavior [ RunTime:0.005309s ]
INFO: [ view_parse ] --END-- [ RunTime:0.005375s ]
INFO: [ view_filter ] --START--
INFO: Run Behavior\WriteHtmlCacheBehavior [ RunTime:0.000703s ]
INFO: [ view_filter ] --END-- [ RunTime:0.000756s ]
INFO: Run Addons\ModelConfigEditor\ModelConfigEditorAddon [ RunTime:0.069849s ]
INFO: [ AdminIndex ] --END-- [ RunTime:0.069900s ]
INFO: Run Behavior\ParseTemplateBehavior [ RunTime:0.006805s ]
INFO: [ view_parse ] --END-- [ RunTime:0.005375s ]
INFO: [ view_filter ] --START--
INFO: Run Behavior\WriteHtmlCacheBehavior [ RunTime:0.000013s ]
INFO: [ view_filter ] --END-- [ RunTime:-0.000717s ]
INFO: [ app_end ] --START--
INFO: Run Behavior\ShowPageTraceBehavior [ RunTime:0.001077s ]
INFO: [ app_end ] --END-- [ RunTime:0.001160s ]

[ 2016-12-19T13:30:20+08:00 ] ::1 /cytest/admin.php?s=/Admin/Update/checkVersion.html
INFO: [ app_init ] --START--
INFO: Run Behavior\BuildLiteBehavior [ RunTime:0.000016s ]
SQL: SHOW COLUMNS FROM `mke_admin_config` [ RunTime:0.0365s ]
SQL: SELECT `name`,`value`,`type` FROM `mke_admin_config` WHERE `status` = 1  [ RunTime:0.0286s ]
SQL: SHOW COLUMNS FROM `mke_admin_module` [ RunTime:0.0291s ]
SQL: SELECT `name` FROM `mke_admin_module` WHERE `status` = 1 AND `is_system` = 0  [ RunTime:0.0276s ]
INFO: Run Common\Behavior\InitModuleBehavior [ RunTime:0.265692s ]
INFO: [ app_init ] --END-- [ RunTime:0.265904s ]
INFO: [ app_begin ] --START--
INFO: Run Behavior\ReadHtmlCacheBehavior [ RunTime:0.002929s ]
SQL: SELECT `name`,`value`,`type` FROM `mke_admin_config` WHERE `status` = 1  [ RunTime:0.0289s ]
SQL: SELECT * FROM `mke_admin_module` WHERE `status` = 1  [ RunTime:0.0345s ]
INFO: Run Common\Behavior\InitConfigBehavior [ RunTime:0.077464s ]
INFO: [ app_begin ] --END-- [ RunTime:0.080712s ]
INFO: [ action_begin ] --START--
SQL: SHOW COLUMNS FROM `mke_admin_hook` [ RunTime:0.0292s ]
SQL: SELECT `name`,`addons` FROM `mke_admin_hook`  [ RunTime:0.0275s ]
SQL: SHOW COLUMNS FROM `mke_admin_addon` [ RunTime:0.0283s ]
SQL: SELECT `id`,`name` FROM `mke_admin_addon` WHERE `status` = 1 AND `name` IN ('后台首页小工具','ModelConfigEditor')  [ RunTime:0.0295s ]
SQL: SELECT `id`,`name` FROM `mke_admin_addon` WHERE `status` = 1 AND `name` IN ('RocketToTop')  [ RunTime:0.0320s ]
INFO: Run Common\Behavior\InitHookBehavior [ RunTime:0.161012s ]
INFO: [ action_begin ] --END-- [ RunTime:0.161264s ]

[ 2016-12-19T13:30:29+08:00 ] ::1 /cytest/admin.php?s=/Admin/Config/group.html
INFO: [ app_init ] --START--
INFO: Run Behavior\BuildLiteBehavior [ RunTime:0.000016s ]
SQL: SHOW COLUMNS FROM `mke_admin_config` [ RunTime:0.0295s ]
SQL: SELECT `name`,`value`,`type` FROM `mke_admin_config` WHERE `status` = 1  [ RunTime:0.0287s ]
SQL: SHOW COLUMNS FROM `mke_admin_module` [ RunTime:0.0288s ]
SQL: SELECT `name` FROM `mke_admin_module` WHERE `status` = 1 AND `is_system` = 0  [ RunTime:0.0274s ]
INFO: Run Common\Behavior\InitModuleBehavior [ RunTime:0.244210s ]
INFO: [ app_init ] --END-- [ RunTime:0.244346s ]
INFO: [ app_begin ] --START--
INFO: Run Behavior\ReadHtmlCacheBehavior [ RunTime:0.002216s ]
SQL: SELECT `name`,`value`,`type` FROM `mke_admin_config` WHERE `status` = 1  [ RunTime:0.0326s ]
SQL: SELECT * FROM `mke_admin_module` WHERE `status` = 1  [ RunTime:0.0319s ]
INFO: Run Common\Behavior\InitConfigBehavior [ RunTime:0.073273s ]
INFO: [ app_begin ] --END-- [ RunTime:0.075740s ]
INFO: [ action_begin ] --START--
SQL: SHOW COLUMNS FROM `mke_admin_hook` [ RunTime:0.0305s ]
SQL: SELECT `name`,`addons` FROM `mke_admin_hook`  [ RunTime:0.0269s ]
SQL: SHOW COLUMNS FROM `mke_admin_addon` [ RunTime:0.0516s ]
SQL: SELECT `id`,`name` FROM `mke_admin_addon` WHERE `status` = 1 AND `name` IN ('后台首页小工具','ModelConfigEditor')  [ RunTime:0.0314s ]
SQL: SELECT `id`,`name` FROM `mke_admin_addon` WHERE `status` = 1 AND `name` IN ('RocketToTop')  [ RunTime:0.0273s ]
INFO: Run Common\Behavior\InitHookBehavior [ RunTime:0.184728s ]
INFO: [ action_begin ] --END-- [ RunTime:0.185006s ]
SQL: SHOW COLUMNS FROM `mke_admin_user` [ RunTime:0.0279s ]
SQL: SHOW COLUMNS FROM `mke_admin_group` [ RunTime:0.0317s ]
SQL: SELECT `admin_menu` FROM `mke_admin_module` WHERE `name` = 'Admin' LIMIT 1   [ RunTime:0.0290s ]
SQL: SHOW COLUMNS FROM `mke_admin_access` [ RunTime:0.0391s ]
SQL: SELECT `group` FROM `mke_admin_access` WHERE `uid` = 1 LIMIT 1   [ RunTime:0.0392s ]
SQL: SELECT `group` FROM `mke_admin_access` WHERE `uid` = 1 LIMIT 1   [ RunTime:0.0346s ]
SQL: SELECT * FROM `mke_admin_group` WHERE `id` = 1 LIMIT 1   [ RunTime:0.0273s ]
SQL: SELECT * FROM `mke_admin_module` WHERE `status` = 1 ORDER BY `sort` asc,`id` asc  [ RunTime:0.0300s ]
SQL: SELECT `admin_menu` FROM `mke_admin_module` WHERE `name` = 'Admin' LIMIT 1   [ RunTime:0.0345s ]
SQL: SHOW COLUMNS FROM `mke_admin_config` [ RunTime:0.0363s ]
SQL: SELECT * FROM `mke_admin_config` WHERE `status` >= '0' AND `group` = 1 ORDER BY `sort` asc,`id` asc  [ RunTime:0.0272s ]
INFO: [ action_begin ] --START--
SQL: SELECT `name`,`addons` FROM `mke_admin_hook`  [ RunTime:0.0269s ]
SQL: SELECT `id`,`name` FROM `mke_admin_addon` WHERE `status` = 1 AND `name` IN ('后台首页小工具','ModelConfigEditor')  [ RunTime:0.0256s ]
SQL: SELECT `id`,`name` FROM `mke_admin_addon` WHERE `status` = 1 AND `name` IN ('RocketToTop')  [ RunTime:0.0270s ]
INFO: Run Common\Behavior\InitHookBehavior [ RunTime:0.083596s ]
INFO: [ action_begin ] --END-- [ RunTime:-0.401239s ]
SQL: SELECT `user_nav` FROM `mke_admin_module` WHERE `status` = 1  [ RunTime:0.0287s ]
SQL: SELECT `title` FROM `mke_admin_module` WHERE `name` = 'Admin' LIMIT 1   [ RunTime:0.0269s ]
INFO: [ view_parse ] --START--
INFO: [ template_filter ] --START--
INFO: Run Behavior\ContentReplaceBehavior [ RunTime:0.008134s ]
INFO: [ template_filter ] --END-- [ RunTime:0.008223s ]
INFO: Run Behavior\ParseTemplateBehavior [ RunTime:0.490359s ]
INFO: [ view_parse ] --END-- [ RunTime:0.490463s ]
INFO: [ view_filter ] --START--
INFO: Run Behavior\WriteHtmlCacheBehavior [ RunTime:0.000550s ]
INFO: [ view_filter ] --END-- [ RunTime:0.000606s ]
INFO: [ app_end ] --START--
INFO: Run Behavior\ShowPageTraceBehavior [ RunTime:0.000833s ]
INFO: [ app_end ] --END-- [ RunTime:0.000900s ]

[ 2016-12-19T13:30:40+08:00 ] ::1 /cytest/admin.php?s=/Admin/Config/group.html
INFO: [ app_init ] --START--
INFO: Run Behavior\BuildLiteBehavior [ RunTime:0.000016s ]
SQL: SHOW COLUMNS FROM `mke_admin_config` [ RunTime:0.0290s ]
SQL: SELECT `name`,`value`,`type` FROM `mke_admin_config` WHERE `status` = 1  [ RunTime:0.0291s ]
SQL: SHOW COLUMNS FROM `mke_admin_module` [ RunTime:0.0285s ]
SQL: SELECT `name` FROM `mke_admin_module` WHERE `status` = 1 AND `is_system` = 0  [ RunTime:0.0280s ]
INFO: Run Common\Behavior\InitModuleBehavior [ RunTime:0.242730s ]
INFO: [ app_init ] --END-- [ RunTime:0.242905s ]
INFO: [ app_begin ] --START--
INFO: Run Behavior\ReadHtmlCacheBehavior [ RunTime:0.002710s ]
SQL: SELECT `name`,`value`,`type` FROM `mke_admin_config` WHERE `status` = 1  [ RunTime:0.0273s ]
SQL: SELECT * FROM `mke_admin_module` WHERE `status` = 1  [ RunTime:0.0309s ]
INFO: Run Common\Behavior\InitConfigBehavior [ RunTime:0.070362s ]
INFO: [ app_begin ] --END-- [ RunTime:0.073349s ]
INFO: [ action_begin ] --START--
SQL: SHOW COLUMNS FROM `mke_admin_hook` [ RunTime:0.0275s ]
SQL: SELECT `name`,`addons` FROM `mke_admin_hook`  [ RunTime:0.0281s ]
SQL: SHOW COLUMNS FROM `mke_admin_addon` [ RunTime:0.0265s ]
SQL: SELECT `id`,`name` FROM `mke_admin_addon` WHERE `status` = 1 AND `name` IN ('后台首页小工具','ModelConfigEditor')  [ RunTime:0.0276s ]
SQL: SELECT `id`,`name` FROM `mke_admin_addon` WHERE `status` = 1 AND `name` IN ('RocketToTop')  [ RunTime:0.0257s ]
INFO: Run Common\Behavior\InitHookBehavior [ RunTime:0.145060s ]
INFO: [ action_begin ] --END-- [ RunTime:0.145196s ]
SQL: SHOW COLUMNS FROM `mke_admin_user` [ RunTime:0.0304s ]
SQL: SHOW COLUMNS FROM `mke_admin_group` [ RunTime:0.0344s ]
SQL: SELECT `admin_menu` FROM `mke_admin_module` WHERE `name` = 'Admin' LIMIT 1   [ RunTime:0.0378s ]
SQL: SHOW COLUMNS FROM `mke_admin_access` [ RunTime:0.0396s ]
SQL: SELECT `group` FROM `mke_admin_access` WHERE `uid` = 1 LIMIT 1   [ RunTime:0.0589s ]
SQL: SELECT `group` FROM `mke_admin_access` WHERE `uid` = 1 LIMIT 1   [ RunTime:0.0336s ]
SQL: SELECT * FROM `mke_admin_group` WHERE `id` = 1 LIMIT 1   [ RunTime:0.0316s ]
SQL: SELECT * FROM `mke_admin_module` WHERE `status` = 1 ORDER BY `sort` asc,`id` asc  [ RunTime:0.0404s ]
SQL: SELECT `admin_menu` FROM `mke_admin_module` WHERE `name` = 'Admin' LIMIT 1   [ RunTime:0.0277s ]
SQL: SHOW COLUMNS FROM `mke_admin_config` [ RunTime:0.0278s ]
SQL: SELECT * FROM `mke_admin_config` WHERE `status` >= '0' AND `group` = 1 ORDER BY `sort` asc,`id` asc  [ RunTime:0.0298s ]
INFO: [ action_begin ] --START--
SQL: SELECT `name`,`addons` FROM `mke_admin_hook`  [ RunTime:0.0268s ]
SQL: SELECT `id`,`name` FROM `mke_admin_addon` WHERE `status` = 1 AND `name` IN ('后台首页小工具','ModelConfigEditor')  [ RunTime:0.0284s ]
SQL: SELECT `id`,`name` FROM `mke_admin_addon` WHERE `status` = 1 AND `name` IN ('RocketToTop')  [ RunTime:0.0281s ]
INFO: Run Common\Behavior\InitHookBehavior [ RunTime:0.089603s ]
INFO: [ action_begin ] --END-- [ RunTime:-0.433899s ]
SQL: SELECT `user_nav` FROM `mke_admin_module` WHERE `status` = 1  [ RunTime:0.0276s ]
SQL: SELECT `title` FROM `mke_admin_module` WHERE `name` = 'Admin' LIMIT 1   [ RunTime:0.0312s ]
INFO: [ view_parse ] --START--
INFO: [ template_filter ] --START--
INFO: Run Behavior\ContentReplaceBehavior [ RunTime:0.008353s ]
INFO: [ template_filter ] --END-- [ RunTime:0.008452s ]
INFO: Run Behavior\ParseTemplateBehavior [ RunTime:0.497956s ]
INFO: [ view_parse ] --END-- [ RunTime:0.498090s ]
INFO: [ view_filter ] --START--
INFO: Run Behavior\WriteHtmlCacheBehavior [ RunTime:0.000490s ]
INFO: [ view_filter ] --END-- [ RunTime:0.000539s ]
INFO: [ app_end ] --START--
INFO: Run Behavior\ShowPageTraceBehavior [ RunTime:0.000661s ]
INFO: [ app_end ] --END-- [ RunTime:0.000722s ]

