[ 2017-02-13T13:48:42+08:00 ] ::1 /cyw/80hou/admin.php?s=/Admin/Public/login.html
INFO: [ app_init ] --START--
INFO: Run Behavior\BuildLiteBehavior [ RunTime:0.000016s ]
SQL: SHOW COLUMNS FROM `mke_admin_config` [ RunTime:0.0110s ]
SQL: SELECT `name`,`value`,`type` FROM `mke_admin_config` WHERE `status` = 1  [ RunTime:0.0014s ]
SQL: SHOW COLUMNS FROM `mke_admin_module` [ RunTime:0.0077s ]
SQL: SELECT `name` FROM `mke_admin_module` WHERE `status` = 1 AND `is_system` = 0  [ RunTime:0.0004s ]
INFO: Run Common\Behavior\InitModuleBehavior [ RunTime:0.047849s ]
INFO: [ app_init ] --END-- [ RunTime:0.048704s ]
INFO: [ app_begin ] --START--
INFO: Run Behavior\ReadHtmlCacheBehavior [ RunTime:0.001400s ]
SQL: SELECT `name`,`value`,`type` FROM `mke_admin_config` WHERE `status` = 1  [ RunTime:0.0006s ]
SQL: SELECT * FROM `mke_admin_module` WHERE `status` = 1  [ RunTime:0.0013s ]

[ 2017-02-13T13:48:44+08:00 ] ::1 /cyw/80hou/admin.php?s=/Admin/Public/login.html
INFO: [ app_init ] --START--
INFO: Run Behavior\BuildLiteBehavior [ RunTime:0.000017s ]
SQL: SHOW COLUMNS FROM `mke_admin_config` [ RunTime:0.0080s ]
SQL: SELECT `name`,`value`,`type` FROM `mke_admin_config` WHERE `status` = 1  [ RunTime:0.0005s ]
SQL: SHOW COLUMNS FROM `mke_admin_module` [ RunTime:0.0080s ]
SQL: SELECT `name` FROM `mke_admin_module` WHERE `status` = 1 AND `is_system` = 0  [ RunTime:0.0004s ]
INFO: Run Common\Behavior\InitModuleBehavior [ RunTime:0.035591s ]
INFO: [ app_init ] --END-- [ RunTime:0.035704s ]
INFO: [ app_begin ] --START--
INFO: Run Behavior\ReadHtmlCacheBehavior [ RunTime:0.000854s ]
SQL: SELECT `name`,`value`,`type` FROM `mke_admin_config` WHERE `status` = 1  [ RunTime:0.0007s ]
SQL: SELECT * FROM `mke_admin_module` WHERE `status` = 1  [ RunTime:0.0006s ]
INFO: Run Common\Behavior\InitConfigBehavior [ RunTime:0.005967s ]
INFO: [ app_begin ] --END-- [ RunTime:0.006961s ]
INFO: [ action_begin ] --START--
SQL: SHOW COLUMNS FROM `mke_admin_hook` [ RunTime:0.0063s ]
SQL: SELECT `name`,`addons` FROM `mke_admin_hook`  [ RunTime:0.0003s ]
SQL: SHOW COLUMNS FROM `mke_admin_addon` [ RunTime:0.0078s ]
SQL: SELECT `id`,`name` FROM `mke_admin_addon` WHERE `status` = 1 AND `name` IN ('后台首页小工具','ModelConfigEditor')  [ RunTime:0.0004s ]
SQL: SELECT `id`,`name` FROM `mke_admin_addon` WHERE `status` = 1 AND `name` IN ('RocketToTop')  [ RunTime:0.0003s ]
INFO: Run Common\Behavior\InitHookBehavior [ RunTime:0.020499s ]
INFO: [ action_begin ] --END-- [ RunTime:0.020610s ]
SQL: SHOW COLUMNS FROM `mke_admin_user` [ RunTime:0.0089s ]
SQL: SELECT * FROM `mke_admin_user` WHERE `username` = 'admin' AND `status` = 1 LIMIT 1   [ RunTime:0.0006s ]
SQL: SHOW COLUMNS FROM `mke_admin_upload` [ RunTime:0.0082s ]
SQL: SELECT COUNT(*) AS tp_count FROM `mke_admin_module` WHERE ( name="User" and status="1" ) LIMIT 1   [ RunTime:0.0006s ]
SQL: SHOW COLUMNS FROM `mke_admin_access` [ RunTime:0.0078s ]
SQL: SELECT * FROM `mke_admin_access` WHERE `uid` = 1 LIMIT 1   [ RunTime:0.0003s ]

[ 2017-02-13T13:48:46+08:00 ] ::1 /cyw/80hou/admin.php?s=/Admin/Index/index.html
INFO: [ app_init ] --START--
INFO: Run Behavior\BuildLiteBehavior [ RunTime:0.000022s ]
SQL: SHOW COLUMNS FROM `mke_admin_config` [ RunTime:0.0078s ]
SQL: SELECT `name`,`value`,`type` FROM `mke_admin_config` WHERE `status` = 1  [ RunTime:0.0007s ]
SQL: SHOW COLUMNS FROM `mke_admin_module` [ RunTime:0.0079s ]
SQL: SELECT `name` FROM `mke_admin_module` WHERE `status` = 1 AND `is_system` = 0  [ RunTime:0.0004s ]
INFO: Run Common\Behavior\InitModuleBehavior [ RunTime:0.040294s ]
INFO: [ app_init ] --END-- [ RunTime:0.040456s ]
INFO: [ app_begin ] --START--
INFO: Run Behavior\ReadHtmlCacheBehavior [ RunTime:0.001267s ]
SQL: SELECT `name`,`value`,`type` FROM `mke_admin_config` WHERE `status` = 1  [ RunTime:0.0008s ]
SQL: SELECT * FROM `mke_admin_module` WHERE `status` = 1  [ RunTime:0.0007s ]

[ 2017-02-13T13:49:32+08:00 ] ::1 /cyw/80hou/admin.php?s=/Admin/Index/removeRuntime.html
INFO: [ app_init ] --START--
INFO: Run Behavior\BuildLiteBehavior [ RunTime:0.000036s ]
SQL: SHOW COLUMNS FROM `mke_admin_config` [ RunTime:0.0076s ]
SQL: SELECT `name`,`value`,`type` FROM `mke_admin_config` WHERE `status` = 1  [ RunTime:0.0007s ]
SQL: SHOW COLUMNS FROM `mke_admin_module` [ RunTime:0.0054s ]
SQL: SELECT `name` FROM `mke_admin_module` WHERE `status` = 1 AND `is_system` = 0  [ RunTime:0.0003s ]
INFO: Run Common\Behavior\InitModuleBehavior [ RunTime:0.031876s ]
INFO: [ app_init ] --END-- [ RunTime:0.032074s ]
INFO: [ app_begin ] --START--
INFO: Run Behavior\ReadHtmlCacheBehavior [ RunTime:0.001014s ]
SQL: SELECT `name`,`value`,`type` FROM `mke_admin_config` WHERE `status` = 1  [ RunTime:0.0005s ]
SQL: SELECT * FROM `mke_admin_module` WHERE `status` = 1  [ RunTime:0.0005s ]
INFO: Run Common\Behavior\InitConfigBehavior [ RunTime:0.005484s ]
INFO: [ app_begin ] --END-- [ RunTime:0.006609s ]
INFO: [ action_begin ] --START--
SQL: SHOW COLUMNS FROM `mke_admin_hook` [ RunTime:0.0059s ]
SQL: SELECT `name`,`addons` FROM `mke_admin_hook`  [ RunTime:0.0004s ]
SQL: SHOW COLUMNS FROM `mke_admin_addon` [ RunTime:0.0064s ]
SQL: SELECT `id`,`name` FROM `mke_admin_addon` WHERE `status` = 1 AND `name` IN ('后台首页小工具','ModelConfigEditor')  [ RunTime:0.0004s ]
SQL: SELECT `id`,`name` FROM `mke_admin_addon` WHERE `status` = 1 AND `name` IN ('RocketToTop')  [ RunTime:0.0006s ]
INFO: Run Common\Behavior\InitHookBehavior [ RunTime:0.019272s ]
INFO: [ action_begin ] --END-- [ RunTime:0.019370s ]
SQL: SHOW COLUMNS FROM `mke_admin_user` [ RunTime:0.0055s ]
SQL: SHOW COLUMNS FROM `mke_admin_group` [ RunTime:0.0059s ]
SQL: SELECT `admin_menu` FROM `mke_admin_module` WHERE `name` = 'Admin' LIMIT 1   [ RunTime:0.0004s ]
SQL: SHOW COLUMNS FROM `mke_admin_access` [ RunTime:0.0055s ]
SQL: SELECT `group` FROM `mke_admin_access` WHERE `uid` = 1 LIMIT 1   [ RunTime:0.0004s ]
SQL: SELECT `group` FROM `mke_admin_access` WHERE `uid` = 1 LIMIT 1   [ RunTime:0.0003s ]
SQL: SELECT * FROM `mke_admin_group` WHERE `id` = 1 LIMIT 1   [ RunTime:0.0005s ]
SQL: SELECT * FROM `mke_admin_module` WHERE `status` = 1 ORDER BY `sort` asc,`id` asc  [ RunTime:0.0006s ]
SQL: SELECT `admin_menu` FROM `mke_admin_module` WHERE `name` = 'Admin' LIMIT 1   [ RunTime:0.0004s ]

