[ 2017-02-17T10:56:33+08:00 ] ::1 /cyw/80hou/admin.php?s=/Admin/Public/login.html
INFO: [ app_init ] --START--
INFO: Run Behavior\BuildLiteBehavior [ RunTime:0.000015s ]
SQL: SHOW COLUMNS FROM `mke_admin_config` [ RunTime:0.0103s ]
SQL: SELECT `name`,`value`,`type` FROM `mke_admin_config` WHERE `status` = 1  [ RunTime:0.0015s ]
SQL: SHOW COLUMNS FROM `mke_admin_module` [ RunTime:0.0071s ]
SQL: SELECT `name` FROM `mke_admin_module` WHERE `status` = 1 AND `is_system` = 0  [ RunTime:0.0004s ]
INFO: Run Common\Behavior\InitModuleBehavior [ RunTime:0.046008s ]
INFO: [ app_init ] --END-- [ RunTime:0.046850s ]
INFO: [ app_begin ] --START--
INFO: Run Behavior\ReadHtmlCacheBehavior [ RunTime:0.001239s ]
SQL: SELECT `name`,`value`,`type` FROM `mke_admin_config` WHERE `status` = 1  [ RunTime:0.0006s ]
SQL: SELECT * FROM `mke_admin_module` WHERE `status` = 1  [ RunTime:0.0005s ]

[ 2017-02-17T11:00:57+08:00 ] ::1 /cyw/80hou/admin.php?s=/Admin/Public/login.html
INFO: [ app_init ] --START--
INFO: Run Behavior\BuildLiteBehavior [ RunTime:0.000022s ]
SQL: SHOW COLUMNS FROM `mke_admin_config` [ RunTime:0.0078s ]
SQL: SELECT `name`,`value`,`type` FROM `mke_admin_config` WHERE `status` = 1  [ RunTime:0.0006s ]
SQL: SHOW COLUMNS FROM `mke_admin_module` [ RunTime:0.0069s ]
SQL: SELECT `name` FROM `mke_admin_module` WHERE `status` = 1 AND `is_system` = 0  [ RunTime:0.0006s ]
INFO: Run Common\Behavior\InitModuleBehavior [ RunTime:0.034292s ]
INFO: [ app_init ] --END-- [ RunTime:0.034467s ]
INFO: [ app_begin ] --START--
INFO: Run Behavior\ReadHtmlCacheBehavior [ RunTime:0.000971s ]
SQL: SELECT `name`,`value`,`type` FROM `mke_admin_config` WHERE `status` = 1  [ RunTime:0.0006s ]
SQL: SELECT * FROM `mke_admin_module` WHERE `status` = 1  [ RunTime:0.0006s ]
INFO: Run Common\Behavior\InitConfigBehavior [ RunTime:0.005920s ]
INFO: [ app_begin ] --END-- [ RunTime:0.007034s ]
INFO: [ action_begin ] --START--
SQL: SHOW COLUMNS FROM `mke_admin_hook` [ RunTime:0.0069s ]
SQL: SELECT `name`,`addons` FROM `mke_admin_hook`  [ RunTime:0.0004s ]
SQL: SHOW COLUMNS FROM `mke_admin_addon` [ RunTime:0.0054s ]
SQL: SELECT `id`,`name` FROM `mke_admin_addon` WHERE `status` = 1 AND `name` IN ('后台首页小工具','ModelConfigEditor')  [ RunTime:0.0005s ]
SQL: SELECT `id`,`name` FROM `mke_admin_addon` WHERE `status` = 1 AND `name` IN ('RocketToTop')  [ RunTime:0.0004s ]
INFO: Run Common\Behavior\InitHookBehavior [ RunTime:0.019691s ]
INFO: [ action_begin ] --END-- [ RunTime:0.019795s ]
SQL: SHOW COLUMNS FROM `mke_admin_user` [ RunTime:0.0082s ]
SQL: SELECT * FROM `mke_admin_user` WHERE `username` = 'admin' AND `status` = 1 LIMIT 1   [ RunTime:0.0005s ]
SQL: SHOW COLUMNS FROM `mke_admin_upload` [ RunTime:0.0099s ]
SQL: SELECT COUNT(*) AS tp_count FROM `mke_admin_module` WHERE ( name="User" and status="1" ) LIMIT 1   [ RunTime:0.0010s ]
SQL: SHOW COLUMNS FROM `mke_admin_access` [ RunTime:0.0075s ]
SQL: SELECT * FROM `mke_admin_access` WHERE `uid` = 1 LIMIT 1   [ RunTime:0.0005s ]

[ 2017-02-17T11:00:59+08:00 ] ::1 /cyw/80hou/admin.php?s=/Admin/Index/index.html
INFO: [ app_init ] --START--
INFO: Run Behavior\BuildLiteBehavior [ RunTime:0.000026s ]
SQL: SHOW COLUMNS FROM `mke_admin_config` [ RunTime:0.0053s ]
SQL: SELECT `name`,`value`,`type` FROM `mke_admin_config` WHERE `status` = 1  [ RunTime:0.0006s ]
SQL: SHOW COLUMNS FROM `mke_admin_module` [ RunTime:0.0052s ]
SQL: SELECT `name` FROM `mke_admin_module` WHERE `status` = 1 AND `is_system` = 0  [ RunTime:0.0004s ]
INFO: Run Common\Behavior\InitModuleBehavior [ RunTime:0.026627s ]
INFO: [ app_init ] --END-- [ RunTime:0.026809s ]
INFO: [ app_begin ] --START--
INFO: Run Behavior\ReadHtmlCacheBehavior [ RunTime:0.000904s ]
SQL: SELECT `name`,`value`,`type` FROM `mke_admin_config` WHERE `status` = 1  [ RunTime:0.0006s ]
SQL: SELECT * FROM `mke_admin_module` WHERE `status` = 1  [ RunTime:0.0006s ]

[ 2017-02-17T19:47:02+08:00 ] ::1 /cyw/80hou/admin.php?s=/Admin/Public/login.html
INFO: [ app_init ] --START--
INFO: Run Behavior\BuildLiteBehavior [ RunTime:0.000015s ]
SQL: SHOW COLUMNS FROM `mke_admin_config` [ RunTime:0.0118s ]
SQL: SELECT `name`,`value`,`type` FROM `mke_admin_config` WHERE `status` = 1  [ RunTime:0.0023s ]
SQL: SHOW COLUMNS FROM `mke_admin_module` [ RunTime:0.0066s ]
SQL: SELECT `name` FROM `mke_admin_module` WHERE `status` = 1 AND `is_system` = 0  [ RunTime:0.0004s ]
INFO: Run Common\Behavior\InitModuleBehavior [ RunTime:0.049762s ]
INFO: [ app_init ] --END-- [ RunTime:0.050645s ]
INFO: [ app_begin ] --START--
INFO: Run Behavior\ReadHtmlCacheBehavior [ RunTime:0.001662s ]
SQL: SELECT `name`,`value`,`type` FROM `mke_admin_config` WHERE `status` = 1  [ RunTime:0.0006s ]
SQL: SELECT * FROM `mke_admin_module` WHERE `status` = 1  [ RunTime:0.0004s ]

[ 2017-02-17T19:47:03+08:00 ] ::1 /cyw/80hou/admin.php?s=/Admin/Public/login.html
INFO: [ app_init ] --START--
INFO: Run Behavior\BuildLiteBehavior [ RunTime:0.000016s ]
SQL: SHOW COLUMNS FROM `mke_admin_config` [ RunTime:0.0071s ]
SQL: SELECT `name`,`value`,`type` FROM `mke_admin_config` WHERE `status` = 1  [ RunTime:0.0010s ]
SQL: SHOW COLUMNS FROM `mke_admin_module` [ RunTime:0.0060s ]
SQL: SELECT `name` FROM `mke_admin_module` WHERE `status` = 1 AND `is_system` = 0  [ RunTime:0.0004s ]
INFO: Run Common\Behavior\InitModuleBehavior [ RunTime:0.033718s ]
INFO: [ app_init ] --END-- [ RunTime:0.033841s ]
INFO: [ app_begin ] --START--
INFO: Run Behavior\ReadHtmlCacheBehavior [ RunTime:0.001227s ]
SQL: SELECT `name`,`value`,`type` FROM `mke_admin_config` WHERE `status` = 1  [ RunTime:0.0008s ]
SQL: SELECT * FROM `mke_admin_module` WHERE `status` = 1  [ RunTime:0.0008s ]
INFO: Run Common\Behavior\InitConfigBehavior [ RunTime:0.007611s ]
INFO: [ app_begin ] --END-- [ RunTime:0.009115s ]
INFO: [ action_begin ] --START--
SQL: SHOW COLUMNS FROM `mke_admin_hook` [ RunTime:0.0069s ]
SQL: SELECT `name`,`addons` FROM `mke_admin_hook`  [ RunTime:0.0005s ]
SQL: SHOW COLUMNS FROM `mke_admin_addon` [ RunTime:0.0066s ]
SQL: SELECT `id`,`name` FROM `mke_admin_addon` WHERE `status` = 1 AND `name` IN ('后台首页小工具','ModelConfigEditor')  [ RunTime:0.0005s ]
SQL: SELECT `id`,`name` FROM `mke_admin_addon` WHERE `status` = 1 AND `name` IN ('RocketToTop')  [ RunTime:0.0006s ]
INFO: Run Common\Behavior\InitHookBehavior [ RunTime:0.021023s ]
INFO: [ action_begin ] --END-- [ RunTime:0.021137s ]
SQL: SHOW COLUMNS FROM `mke_admin_user` [ RunTime:0.0091s ]
SQL: SELECT * FROM `mke_admin_user` WHERE `username` = 'admin' AND `status` = 1 LIMIT 1   [ RunTime:0.0005s ]
SQL: SHOW COLUMNS FROM `mke_admin_upload` [ RunTime:0.0094s ]
SQL: SELECT COUNT(*) AS tp_count FROM `mke_admin_module` WHERE ( name="User" and status="1" ) LIMIT 1   [ RunTime:0.0012s ]
SQL: SHOW COLUMNS FROM `mke_admin_access` [ RunTime:0.0084s ]
SQL: SELECT * FROM `mke_admin_access` WHERE `uid` = 1 LIMIT 1   [ RunTime:0.0006s ]

[ 2017-02-17T19:47:05+08:00 ] ::1 /cyw/80hou/admin.php?s=/Admin/Index/index.html
INFO: [ app_init ] --START--
INFO: Run Behavior\BuildLiteBehavior [ RunTime:0.000022s ]
SQL: SHOW COLUMNS FROM `mke_admin_config` [ RunTime:0.0065s ]
SQL: SELECT `name`,`value`,`type` FROM `mke_admin_config` WHERE `status` = 1  [ RunTime:0.0006s ]
SQL: SHOW COLUMNS FROM `mke_admin_module` [ RunTime:0.0051s ]
SQL: SELECT `name` FROM `mke_admin_module` WHERE `status` = 1 AND `is_system` = 0  [ RunTime:0.0004s ]
INFO: Run Common\Behavior\InitModuleBehavior [ RunTime:0.033614s ]
INFO: [ app_init ] --END-- [ RunTime:0.033774s ]
INFO: [ app_begin ] --START--
INFO: Run Behavior\ReadHtmlCacheBehavior [ RunTime:0.000894s ]
SQL: SELECT `name`,`value`,`type` FROM `mke_admin_config` WHERE `status` = 1  [ RunTime:0.0008s ]
SQL: SELECT * FROM `mke_admin_module` WHERE `status` = 1  [ RunTime:0.0005s ]

[ 2017-02-17T20:10:48+08:00 ] ::1 /cyw/80hou/admin.php?s=/Admin/Upload/upload/dir/image.html
INFO: [ app_init ] --START--
INFO: Run Behavior\BuildLiteBehavior [ RunTime:0.000015s ]
SQL: SHOW COLUMNS FROM `mke_admin_config` [ RunTime:0.0058s ]
SQL: SELECT `name`,`value`,`type` FROM `mke_admin_config` WHERE `status` = 1  [ RunTime:0.0006s ]
SQL: SHOW COLUMNS FROM `mke_admin_module` [ RunTime:0.0063s ]
SQL: SELECT `name` FROM `mke_admin_module` WHERE `status` = 1 AND `is_system` = 0  [ RunTime:0.0004s ]
INFO: Run Common\Behavior\InitModuleBehavior [ RunTime:0.029278s ]
INFO: [ app_init ] --END-- [ RunTime:0.029419s ]
INFO: [ app_begin ] --START--
INFO: Run Behavior\ReadHtmlCacheBehavior [ RunTime:0.001264s ]
SQL: SELECT `name`,`value`,`type` FROM `mke_admin_config` WHERE `status` = 1  [ RunTime:0.0006s ]
SQL: SELECT * FROM `mke_admin_module` WHERE `status` = 1  [ RunTime:0.0007s ]
ERR: 1062:Duplicate entry '' for key 'url'
 [ SQL语句 ] : INSERT INTO `mke_admin_upload` (`name`,`path`,`url`,`ext`,`size`,`md5`,`sha1`,`location`,`uid`,`create_time`,`update_time`,`status`) VALUES ('img_list.jpg','/Uploads/2017-02-17/58a6e84832cad.jpg','','jpg','47908','9e825d61f40ebb66fd708b976129fd98','0dd53fb70781339341fce112b709ca42dcfd5657','Local','1','1487333448','1487333448','1')

[ 2017-02-17T20:10:57+08:00 ] ::1 /cyw/80hou/admin.php?s=/Admin/Upload/upload/dir/image.html
INFO: [ app_init ] --START--
INFO: Run Behavior\BuildLiteBehavior [ RunTime:0.000027s ]
SQL: SHOW COLUMNS FROM `mke_admin_config` [ RunTime:0.0077s ]
SQL: SELECT `name`,`value`,`type` FROM `mke_admin_config` WHERE `status` = 1  [ RunTime:0.0006s ]
SQL: SHOW COLUMNS FROM `mke_admin_module` [ RunTime:0.0079s ]
SQL: SELECT `name` FROM `mke_admin_module` WHERE `status` = 1 AND `is_system` = 0  [ RunTime:0.0006s ]
INFO: Run Common\Behavior\InitModuleBehavior [ RunTime:0.049524s ]
INFO: [ app_init ] --END-- [ RunTime:0.049717s ]
INFO: [ app_begin ] --START--
INFO: Run Behavior\ReadHtmlCacheBehavior [ RunTime:0.002810s ]
SQL: SELECT `name`,`value`,`type` FROM `mke_admin_config` WHERE `status` = 1  [ RunTime:0.0006s ]
SQL: SELECT * FROM `mke_admin_module` WHERE `status` = 1  [ RunTime:0.0006s ]
ERR: 1062:Duplicate entry '' for key 'url'
 [ SQL语句 ] : INSERT INTO `mke_admin_upload` (`name`,`path`,`url`,`ext`,`size`,`md5`,`sha1`,`location`,`uid`,`create_time`,`update_time`,`status`) VALUES ('banner.jpg','/Uploads/2017-02-17/58a6e8516d74e.jpg','','jpg','47591','f5a82b4d8783119b85b7609d813f958b','dfc5f2a8825ac54006e41aa44454dbf1c4364dcb','Local','1','1487333457','1487333457','1')

[ 2017-02-17T20:11:15+08:00 ] ::1 /cyw/80hou/admin.php?s=/Admin/Upload/upload/callback/callback.html&dir=image
INFO: [ app_init ] --START--
INFO: Run Behavior\BuildLiteBehavior [ RunTime:0.000014s ]
SQL: SHOW COLUMNS FROM `mke_admin_config` [ RunTime:0.0111s ]
SQL: SELECT `name`,`value`,`type` FROM `mke_admin_config` WHERE `status` = 1  [ RunTime:0.0007s ]
SQL: SHOW COLUMNS FROM `mke_admin_module` [ RunTime:0.0064s ]
SQL: SELECT `name` FROM `mke_admin_module` WHERE `status` = 1 AND `is_system` = 0  [ RunTime:0.0004s ]
INFO: Run Common\Behavior\InitModuleBehavior [ RunTime:0.041739s ]
INFO: [ app_init ] --END-- [ RunTime:0.041848s ]
INFO: [ app_begin ] --START--
INFO: Run Behavior\ReadHtmlCacheBehavior [ RunTime:0.000988s ]
SQL: SELECT `name`,`value`,`type` FROM `mke_admin_config` WHERE `status` = 1  [ RunTime:0.0005s ]
SQL: SELECT * FROM `mke_admin_module` WHERE `status` = 1  [ RunTime:0.0005s ]
ERR: 1062:Duplicate entry '' for key 'url'
 [ SQL语句 ] : INSERT INTO `mke_admin_upload` (`name`,`path`,`url`,`ext`,`size`,`md5`,`sha1`,`location`,`uid`,`create_time`,`update_time`,`status`) VALUES ('banner.jpg','/Uploads/2017-02-17/58a6e8638db0d.jpg','','jpg','47591','f5a82b4d8783119b85b7609d813f958b','dfc5f2a8825ac54006e41aa44454dbf1c4364dcb','Local','1','1487333475','1487333475','1')

[ 2017-02-17T20:14:14+08:00 ] ::1 /cyw/80hou/admin.php?s=/Admin/Upload/upload/dir/image.html
INFO: [ app_init ] --START--
INFO: Run Behavior\BuildLiteBehavior [ RunTime:0.000016s ]
SQL: SHOW COLUMNS FROM `mke_admin_config` [ RunTime:0.0060s ]
SQL: SELECT `name`,`value`,`type` FROM `mke_admin_config` WHERE `status` = 1  [ RunTime:0.0005s ]
SQL: SHOW COLUMNS FROM `mke_admin_module` [ RunTime:0.0055s ]
SQL: SELECT `name` FROM `mke_admin_module` WHERE `status` = 1 AND `is_system` = 0  [ RunTime:0.0004s ]
INFO: Run Common\Behavior\InitModuleBehavior [ RunTime:0.029024s ]
INFO: [ app_init ] --END-- [ RunTime:0.029141s ]
INFO: [ app_begin ] --START--
INFO: Run Behavior\ReadHtmlCacheBehavior [ RunTime:0.000909s ]
SQL: SELECT `name`,`value`,`type` FROM `mke_admin_config` WHERE `status` = 1  [ RunTime:0.0007s ]
SQL: SELECT * FROM `mke_admin_module` WHERE `status` = 1  [ RunTime:0.0006s ]
ERR: 1062:Duplicate entry '' for key 'url'
 [ SQL语句 ] : INSERT INTO `mke_admin_upload` (`name`,`path`,`url`,`ext`,`size`,`md5`,`sha1`,`location`,`uid`,`create_time`,`update_time`,`status`) VALUES ('footer_ico.png','/Uploads/2017-02-17/58a6e916b6ea3.png','','png','8899','cbcfc6560874b958b6846d25b6ca6782','6fb1be50ca3815d881db913e4e5a74b3b0c1e08c','Local','1','1487333654','1487333654','1')

[ 2017-02-17T20:16:08+08:00 ] ::1 /cyw/80hou/admin.php?s=/Admin/Upload/upload/dir/image.html
INFO: [ app_init ] --START--
INFO: Run Behavior\BuildLiteBehavior [ RunTime:0.000023s ]
SQL: SHOW COLUMNS FROM `mke_admin_config` [ RunTime:0.0070s ]
SQL: SELECT `name`,`value`,`type` FROM `mke_admin_config` WHERE `status` = 1  [ RunTime:0.0005s ]
SQL: SHOW COLUMNS FROM `mke_admin_module` [ RunTime:0.0065s ]
SQL: SELECT `name` FROM `mke_admin_module` WHERE `status` = 1 AND `is_system` = 0  [ RunTime:0.0004s ]
INFO: Run Common\Behavior\InitModuleBehavior [ RunTime:0.030752s ]
INFO: [ app_init ] --END-- [ RunTime:0.030953s ]
INFO: [ app_begin ] --START--
INFO: Run Behavior\ReadHtmlCacheBehavior [ RunTime:0.001162s ]
SQL: SELECT `name`,`value`,`type` FROM `mke_admin_config` WHERE `status` = 1  [ RunTime:0.0006s ]
SQL: SELECT * FROM `mke_admin_module` WHERE `status` = 1  [ RunTime:0.0005s ]
ERR: 1062:Duplicate entry '' for key 'url'
 [ SQL语句 ] : INSERT INTO `mke_admin_upload` (`name`,`path`,`url`,`ext`,`size`,`md5`,`sha1`,`location`,`uid`,`create_time`,`update_time`,`status`) VALUES ('banner.jpg','/Uploads/2017-02-17/58a6e9887f9b2.jpg','','jpg','47591','f5a82b4d8783119b85b7609d813f958b','dfc5f2a8825ac54006e41aa44454dbf1c4364dcb','Local','1','1487333768','1487333768','1')

