[ 2017-01-17T09:59:01+08:00 ] ::1 /cytest/admin.php?s=/Admin/Public/login.html
INFO: [ app_init ] --START--
INFO: Run Behavior\BuildLiteBehavior [ RunTime:0.000025s ]
SQL: SHOW COLUMNS FROM `mke_admin_config` [ RunTime:0.0131s ]
SQL: SELECT `name`,`value`,`type` FROM `mke_admin_config` WHERE `status` = 1  [ RunTime:0.0025s ]
SQL: SHOW COLUMNS FROM `mke_admin_module` [ RunTime:0.0082s ]
SQL: SELECT `name` FROM `mke_admin_module` WHERE `status` = 1 AND `is_system` = 0  [ RunTime:0.0003s ]
INFO: Run Common\Behavior\InitModuleBehavior [ RunTime:0.057149s ]
INFO: [ app_init ] --END-- [ RunTime:0.057980s ]
INFO: [ app_begin ] --START--
INFO: Run Behavior\ReadHtmlCacheBehavior [ RunTime:0.001172s ]
SQL: SELECT `name`,`value`,`type` FROM `mke_admin_config` WHERE `status` = 1  [ RunTime:0.0006s ]
SQL: SELECT * FROM `mke_admin_module` WHERE `status` = 1  [ RunTime:0.0004s ]
INFO: Run Common\Behavior\InitConfigBehavior [ RunTime:0.008969s ]
INFO: [ app_begin ] --END-- [ RunTime:0.010255s ]
INFO: [ action_begin ] --START--
SQL: SHOW COLUMNS FROM `mke_admin_hook` [ RunTime:0.0076s ]
SQL: SELECT `name`,`addons` FROM `mke_admin_hook`  [ RunTime:0.0004s ]
SQL: SHOW COLUMNS FROM `mke_admin_addon` [ RunTime:0.0075s ]
SQL: SELECT `id`,`name` FROM `mke_admin_addon` WHERE `status` = 1 AND `name` IN ('后台首页小工具','ModelConfigEditor')  [ RunTime:0.0004s ]
SQL: SELECT `id`,`name` FROM `mke_admin_addon` WHERE `status` = 1 AND `name` IN ('RocketToTop')  [ RunTime:0.0003s ]
INFO: Run Common\Behavior\InitHookBehavior [ RunTime:0.022609s ]
INFO: [ action_begin ] --END-- [ RunTime:0.022710s ]
SQL: SELECT `user_nav` FROM `mke_admin_module` WHERE `status` = 1  [ RunTime:0.0005s ]
SQL: SELECT `title` FROM `mke_admin_module` WHERE `name` = 'Admin' LIMIT 1   [ RunTime:0.0003s ]
INFO: [ view_parse ] --START--
INFO: [ template_filter ] --START--
INFO: Run Behavior\ContentReplaceBehavior [ RunTime:0.000896s ]
INFO: [ template_filter ] --END-- [ RunTime:0.000958s ]
INFO: Run Behavior\ParseTemplateBehavior [ RunTime:0.018400s ]
INFO: [ view_parse ] --END-- [ RunTime:0.018471s ]
INFO: [ view_filter ] --START--
INFO: Run Behavior\WriteHtmlCacheBehavior [ RunTime:0.001470s ]
INFO: [ view_filter ] --END-- [ RunTime:0.001536s ]
INFO: [ app_end ] --START--
INFO: Run Behavior\ShowPageTraceBehavior [ RunTime:0.001387s ]
INFO: [ app_end ] --END-- [ RunTime:0.001462s ]

