[ 2017-01-19T10:15:53+08:00 ] ::1 /cytest/admin.php?s=/Admin/Public/login.html
INFO: [ app_init ] --START--
INFO: Run Behavior\BuildLiteBehavior [ RunTime:0.000016s ]
SQL: SHOW COLUMNS FROM `mke_admin_config` [ RunTime:0.0118s ]
SQL: SELECT `name`,`value`,`type` FROM `mke_admin_config` WHERE `status` = 1  [ RunTime:0.0023s ]
SQL: SHOW COLUMNS FROM `mke_admin_module` [ RunTime:0.0074s ]
SQL: SELECT `name` FROM `mke_admin_module` WHERE `status` = 1 AND `is_system` = 0  [ RunTime:0.0004s ]
INFO: Run Common\Behavior\InitModuleBehavior [ RunTime:0.051777s ]
INFO: [ app_init ] --END-- [ RunTime:0.052693s ]
INFO: [ app_begin ] --START--
INFO: Run Behavior\ReadHtmlCacheBehavior [ RunTime:0.001193s ]
SQL: SELECT `name`,`value`,`type` FROM `mke_admin_config` WHERE `status` = 1  [ RunTime:0.0006s ]
SQL: SELECT * FROM `mke_admin_module` WHERE `status` = 1  [ RunTime:0.0005s ]
INFO: Run Common\Behavior\InitConfigBehavior [ RunTime:0.009604s ]
INFO: [ app_begin ] --END-- [ RunTime:0.010903s ]
INFO: [ action_begin ] --START--
SQL: SHOW COLUMNS FROM `mke_admin_hook` [ RunTime:0.0081s ]
SQL: SELECT `name`,`addons` FROM `mke_admin_hook`  [ RunTime:0.0003s ]
SQL: SHOW COLUMNS FROM `mke_admin_addon` [ RunTime:0.0088s ]
SQL: SELECT `id`,`name` FROM `mke_admin_addon` WHERE `status` = 1 AND `name` IN ('后台首页小工具','ModelConfigEditor')  [ RunTime:0.0004s ]
SQL: SELECT `id`,`name` FROM `mke_admin_addon` WHERE `status` = 1 AND `name` IN ('RocketToTop')  [ RunTime:0.0003s ]
INFO: Run Common\Behavior\InitHookBehavior [ RunTime:0.024420s ]
INFO: [ action_begin ] --END-- [ RunTime:0.024530s ]
SQL: SELECT `user_nav` FROM `mke_admin_module` WHERE `status` = 1  [ RunTime:0.0003s ]
SQL: SELECT `title` FROM `mke_admin_module` WHERE `name` = 'Admin' LIMIT 1   [ RunTime:0.0003s ]
INFO: [ view_parse ] --START--
INFO: [ template_filter ] --START--
INFO: Run Behavior\ContentReplaceBehavior [ RunTime:0.000969s ]
INFO: [ template_filter ] --END-- [ RunTime:0.001320s ]
INFO: Run Behavior\ParseTemplateBehavior [ RunTime:0.016509s ]
INFO: [ view_parse ] --END-- [ RunTime:0.016576s ]
INFO: [ view_filter ] --START--
INFO: Run Behavior\WriteHtmlCacheBehavior [ RunTime:0.000940s ]
INFO: [ view_filter ] --END-- [ RunTime:0.001004s ]
INFO: [ app_end ] --START--
INFO: Run Behavior\ShowPageTraceBehavior [ RunTime:0.002309s ]
INFO: [ app_end ] --END-- [ RunTime:0.002399s ]

