[ 2016-11-23T09:44:53+08:00 ] ::1 /cytest/
INFO: [ app_init ] --START--
INFO: Run Behavior\BuildLiteBehavior [ RunTime:0.000014s ]
SQL: SHOW COLUMNS FROM `mke_admin_config` [ RunTime:0.0081s ]
SQL: SELECT `name`,`value`,`type` FROM `mke_admin_config` WHERE `status` = 1  [ RunTime:0.0007s ]
SQL: SHOW COLUMNS FROM `mke_admin_module` [ RunTime:0.0046s ]
SQL: SELECT `name` FROM `mke_admin_module` WHERE `status` = 1 AND `is_system` = 0  [ RunTime:0.0003s ]
INFO: Run Common\Behavior\InitModuleBehavior [ RunTime:0.033737s ]
INFO: [ app_init ] --END-- [ RunTime:0.033848s ]
INFO: [ app_begin ] --START--
INFO: Run Behavior\ReadHtmlCacheBehavior [ RunTime:0.001167s ]
SQL: SELECT `name`,`value`,`type` FROM `mke_admin_config` WHERE `status` = 1  [ RunTime:0.0005s ]
SQL: SELECT * FROM `mke_admin_module` WHERE `status` = 1  [ RunTime:0.0003s ]
INFO: Run Common\Behavior\InitConfigBehavior [ RunTime:0.005037s ]
INFO: [ app_begin ] --END-- [ RunTime:0.006363s ]
INFO: [ action_begin ] --START--
SQL: SHOW COLUMNS FROM `mke_admin_hook` [ RunTime:0.0046s ]
SQL: SELECT `name`,`addons` FROM `mke_admin_hook`  [ RunTime:0.0006s ]
SQL: SHOW COLUMNS FROM `mke_admin_addon` [ RunTime:0.0050s ]
SQL: SELECT `id`,`name` FROM `mke_admin_addon` WHERE `status` = 1 AND `name` IN ('后台首页小工具')  [ RunTime:0.0004s ]
SQL: SELECT `id`,`name` FROM `mke_admin_addon` WHERE `status` = 1 AND `name` IN ('RocketToTop')  [ RunTime:0.0003s ]
INFO: Run Common\Behavior\InitHookBehavior [ RunTime:0.016860s ]
INFO: [ action_begin ] --END-- [ RunTime:0.016957s ]
SQL: SELECT `user_nav` FROM `mke_admin_module` WHERE `status` = 1  [ RunTime:0.0004s ]
SQL: SELECT `title` FROM `mke_admin_module` WHERE `name` = 'Home' LIMIT 1   [ RunTime:0.0003s ]
INFO: [ view_parse ] --START--
INFO: [ template_filter ] --START--
INFO: Run Behavior\ContentReplaceBehavior [ RunTime:0.000563s ]
INFO: [ template_filter ] --END-- [ RunTime:0.000665s ]
SQL: SHOW COLUMNS FROM `mke_admin_upload` [ RunTime:0.0052s ]
SQL: SHOW COLUMNS FROM `mke_admin_nav` [ RunTime:0.0062s ]
SQL: SELECT `id`,`group`,`pid`,`title`,`type`,`value`,`target`,`icon`,`create_time`,`update_time`,`sort`,`status` FROM `mke_admin_nav` WHERE `status` = 1 AND `group` = 'main' ORDER BY `sort` asc,`id` asc  [ RunTime:0.0009s ]
SQL: SELECT `id`,`group`,`pid`,`title`,`type`,`value`,`target`,`icon`,`create_time`,`update_time`,`sort`,`status` FROM `mke_admin_nav` WHERE `status` = 1 AND `group` = 'bottom' ORDER BY `sort` asc,`id` asc  [ RunTime:0.0006s ]
INFO: [ PageFooter ] --START--
SQL: SELECT `config` FROM `mke_admin_addon` WHERE `name` = 'RocketToTop' AND `status` = 1 LIMIT 1   [ RunTime:0.0005s ]
INFO: [ view_parse ] --START--
INFO: [ template_filter ] --START--
INFO: Run Behavior\ContentReplaceBehavior [ RunTime:0.000089s ]
INFO: [ template_filter ] --END-- [ RunTime:-0.034009s ]
INFO: Run Behavior\ParseTemplateBehavior [ RunTime:0.004016s ]
INFO: [ view_parse ] --END-- [ RunTime:0.004146s ]
INFO: [ view_filter ] --START--
INFO: Run Behavior\WriteHtmlCacheBehavior [ RunTime:0.000583s ]
INFO: [ view_filter ] --END-- [ RunTime:0.000636s ]
INFO: Run Addons\RocketToTop\RocketToTopAddon [ RunTime:0.010572s ]
INFO: [ PageFooter ] --END-- [ RunTime:0.010622s ]
INFO: Run Behavior\ParseTemplateBehavior [ RunTime:0.004916s ]
INFO: [ view_parse ] --END-- [ RunTime:0.004146s ]
INFO: [ view_filter ] --START--
INFO: Run Behavior\WriteHtmlCacheBehavior [ RunTime:0.000018s ]
INFO: [ view_filter ] --END-- [ RunTime:-0.000240s ]
INFO: [ app_end ] --START--
INFO: Run Behavior\ShowPageTraceBehavior [ RunTime:0.001484s ]
INFO: [ app_end ] --END-- [ RunTime:0.001589s ]

[ 2016-11-23T10:07:10+08:00 ] ::1 /cytest/
INFO: [ app_init ] --START--
INFO: Run Behavior\BuildLiteBehavior [ RunTime:0.000025s ]
SQL: SHOW COLUMNS FROM `mke_admin_config` [ RunTime:0.0076s ]
SQL: SELECT `name`,`value`,`type` FROM `mke_admin_config` WHERE `status` = 1  [ RunTime:0.0006s ]
SQL: SHOW COLUMNS FROM `mke_admin_module` [ RunTime:0.0063s ]
SQL: SELECT `name` FROM `mke_admin_module` WHERE `status` = 1 AND `is_system` = 0  [ RunTime:0.0004s ]
INFO: Run Common\Behavior\InitModuleBehavior [ RunTime:0.033946s ]
INFO: [ app_init ] --END-- [ RunTime:0.034106s ]
INFO: [ app_begin ] --START--
INFO: Run Behavior\ReadHtmlCacheBehavior [ RunTime:0.000643s ]
SQL: SELECT `name`,`value`,`type` FROM `mke_admin_config` WHERE `status` = 1  [ RunTime:0.0006s ]
SQL: SELECT * FROM `mke_admin_module` WHERE `status` = 1  [ RunTime:0.0003s ]
INFO: Run Common\Behavior\InitConfigBehavior [ RunTime:0.004514s ]
INFO: [ app_begin ] --END-- [ RunTime:0.005301s ]
INFO: [ action_begin ] --START--
SQL: SHOW COLUMNS FROM `mke_admin_hook` [ RunTime:0.0053s ]
SQL: SELECT `name`,`addons` FROM `mke_admin_hook`  [ RunTime:0.0006s ]
SQL: SHOW COLUMNS FROM `mke_admin_addon` [ RunTime:0.0052s ]
SQL: SELECT `id`,`name` FROM `mke_admin_addon` WHERE `status` = 1 AND `name` IN ('后台首页小工具')  [ RunTime:0.0004s ]
SQL: SELECT `id`,`name` FROM `mke_admin_addon` WHERE `status` = 1 AND `name` IN ('RocketToTop')  [ RunTime:0.0004s ]
INFO: Run Common\Behavior\InitHookBehavior [ RunTime:0.018484s ]
INFO: [ action_begin ] --END-- [ RunTime:0.018594s ]
SQL: SELECT `user_nav` FROM `mke_admin_module` WHERE `status` = 1  [ RunTime:0.0008s ]
SQL: SELECT `title` FROM `mke_admin_module` WHERE `name` = 'Home' LIMIT 1   [ RunTime:0.0004s ]
INFO: [ view_parse ] --START--
INFO: [ template_filter ] --START--
INFO: Run Behavior\ContentReplaceBehavior [ RunTime:0.000434s ]
INFO: [ template_filter ] --END-- [ RunTime:0.000525s ]
SQL: SHOW COLUMNS FROM `mke_admin_upload` [ RunTime:0.0057s ]
SQL: SHOW COLUMNS FROM `mke_admin_nav` [ RunTime:0.0049s ]
SQL: SELECT `id`,`group`,`pid`,`title`,`type`,`value`,`target`,`icon`,`create_time`,`update_time`,`sort`,`status` FROM `mke_admin_nav` WHERE `status` = 1 AND `group` = 'main' ORDER BY `sort` asc,`id` asc  [ RunTime:0.0005s ]
SQL: SELECT `id`,`group`,`pid`,`title`,`type`,`value`,`target`,`icon`,`create_time`,`update_time`,`sort`,`status` FROM `mke_admin_nav` WHERE `status` = 1 AND `group` = 'bottom' ORDER BY `sort` asc,`id` asc  [ RunTime:0.0005s ]
INFO: [ PageFooter ] --START--
SQL: SELECT `config` FROM `mke_admin_addon` WHERE `name` = 'RocketToTop' AND `status` = 1 LIMIT 1   [ RunTime:0.0005s ]
INFO: [ view_parse ] --START--
INFO: [ template_filter ] --START--
INFO: Run Behavior\ContentReplaceBehavior [ RunTime:0.000088s ]
INFO: [ template_filter ] --END-- [ RunTime:-0.027872s ]
INFO: Run Behavior\ParseTemplateBehavior [ RunTime:0.003587s ]
INFO: [ view_parse ] --END-- [ RunTime:0.003688s ]
INFO: [ view_filter ] --START--
INFO: Run Behavior\WriteHtmlCacheBehavior [ RunTime:0.000538s ]
INFO: [ view_filter ] --END-- [ RunTime:0.000585s ]
INFO: Run Addons\RocketToTop\RocketToTopAddon [ RunTime:0.008910s ]
INFO: [ PageFooter ] --END-- [ RunTime:0.008954s ]
INFO: Run Behavior\ParseTemplateBehavior [ RunTime:0.004397s ]
INFO: [ view_parse ] --END-- [ RunTime:0.003688s ]
INFO: [ view_filter ] --START--
INFO: Run Behavior\WriteHtmlCacheBehavior [ RunTime:0.000011s ]
INFO: [ view_filter ] --END-- [ RunTime:-0.000195s ]
INFO: [ app_end ] --START--
INFO: Run Behavior\ShowPageTraceBehavior [ RunTime:0.000836s ]
INFO: [ app_end ] --END-- [ RunTime:0.000911s ]

[ 2016-11-23T10:07:24+08:00 ] ::1 /cytest/Public/libs/lyui/dist/css/cui.min.css
INFO: [ app_init ] --START--
INFO: Run Behavior\BuildLiteBehavior [ RunTime:0.000028s ]
SQL: SHOW COLUMNS FROM `mke_admin_config` [ RunTime:0.0053s ]
SQL: SELECT `name`,`value`,`type` FROM `mke_admin_config` WHERE `status` = 1  [ RunTime:0.0005s ]
SQL: SHOW COLUMNS FROM `mke_admin_module` [ RunTime:0.0047s ]
SQL: SELECT `name` FROM `mke_admin_module` WHERE `status` = 1 AND `is_system` = 0  [ RunTime:0.0003s ]
INFO: Run Common\Behavior\InitModuleBehavior [ RunTime:0.026553s ]
INFO: [ app_init ] --END-- [ RunTime:0.026744s ]
INFO: [ app_begin ] --START--
INFO: Run Behavior\ReadHtmlCacheBehavior [ RunTime:0.000847s ]
SQL: SELECT `name`,`value`,`type` FROM `mke_admin_config` WHERE `status` = 1  [ RunTime:0.0006s ]
SQL: SELECT * FROM `mke_admin_module` WHERE `status` = 1  [ RunTime:0.0004s ]
INFO: Run Common\Behavior\InitConfigBehavior [ RunTime:0.003933s ]
INFO: [ app_begin ] --END-- [ RunTime:0.004889s ]
ERR: 无法加载控制器:Public

[ 2016-11-23T10:34:52+08:00 ] ::1 /cytest/Public/libs/lyui/dist/css/cui.min.css
INFO: [ app_init ] --START--
INFO: Run Behavior\BuildLiteBehavior [ RunTime:0.000015s ]
SQL: SHOW COLUMNS FROM `mke_admin_config` [ RunTime:0.0058s ]
SQL: SELECT `name`,`value`,`type` FROM `mke_admin_config` WHERE `status` = 1  [ RunTime:0.0005s ]
SQL: SHOW COLUMNS FROM `mke_admin_module` [ RunTime:0.0050s ]
SQL: SELECT `name` FROM `mke_admin_module` WHERE `status` = 1 AND `is_system` = 0  [ RunTime:0.0003s ]
INFO: Run Common\Behavior\InitModuleBehavior [ RunTime:0.025768s ]
INFO: [ app_init ] --END-- [ RunTime:0.025875s ]
INFO: [ app_begin ] --START--
INFO: Run Behavior\ReadHtmlCacheBehavior [ RunTime:0.000612s ]
SQL: SELECT `name`,`value`,`type` FROM `mke_admin_config` WHERE `status` = 1  [ RunTime:0.0006s ]
SQL: SELECT * FROM `mke_admin_module` WHERE `status` = 1  [ RunTime:0.0003s ]
INFO: Run Common\Behavior\InitConfigBehavior [ RunTime:0.003030s ]
INFO: [ app_begin ] --END-- [ RunTime:0.003749s ]
ERR: 无法加载控制器:Public

[ 2016-11-23T10:35:11+08:00 ] ::1 /cytest/
INFO: [ app_init ] --START--
INFO: Run Behavior\BuildLiteBehavior [ RunTime:0.000023s ]
SQL: SHOW COLUMNS FROM `mke_admin_config` [ RunTime:0.0085s ]
SQL: SELECT `name`,`value`,`type` FROM `mke_admin_config` WHERE `status` = 1  [ RunTime:0.0006s ]
SQL: SHOW COLUMNS FROM `mke_admin_module` [ RunTime:0.0053s ]
SQL: SELECT `name` FROM `mke_admin_module` WHERE `status` = 1 AND `is_system` = 0  [ RunTime:0.0004s ]
INFO: Run Common\Behavior\InitModuleBehavior [ RunTime:0.031262s ]
INFO: [ app_init ] --END-- [ RunTime:0.031415s ]
INFO: [ app_begin ] --START--
INFO: Run Behavior\ReadHtmlCacheBehavior [ RunTime:0.000742s ]
SQL: SELECT `name`,`value`,`type` FROM `mke_admin_config` WHERE `status` = 1  [ RunTime:0.0007s ]
SQL: SELECT * FROM `mke_admin_module` WHERE `status` = 1  [ RunTime:0.0005s ]
INFO: Run Common\Behavior\InitConfigBehavior [ RunTime:0.005700s ]
INFO: [ app_begin ] --END-- [ RunTime:0.006562s ]
INFO: [ action_begin ] --START--
SQL: SHOW COLUMNS FROM `mke_admin_hook` [ RunTime:0.0045s ]
SQL: SELECT `name`,`addons` FROM `mke_admin_hook`  [ RunTime:0.0004s ]
SQL: SHOW COLUMNS FROM `mke_admin_addon` [ RunTime:0.0052s ]
SQL: SELECT `id`,`name` FROM `mke_admin_addon` WHERE `status` = 1 AND `name` IN ('后台首页小工具','ModelConfigEditor')  [ RunTime:0.0005s ]
SQL: SELECT `id`,`name` FROM `mke_admin_addon` WHERE `status` = 1 AND `name` IN ('RocketToTop')  [ RunTime:0.0004s ]
INFO: Run Common\Behavior\InitHookBehavior [ RunTime:0.016680s ]
INFO: [ action_begin ] --END-- [ RunTime:0.016774s ]
SQL: SELECT `user_nav` FROM `mke_admin_module` WHERE `status` = 1  [ RunTime:0.0004s ]
SQL: SELECT `title` FROM `mke_admin_module` WHERE `name` = 'Home' LIMIT 1   [ RunTime:0.0003s ]
INFO: [ view_parse ] --START--
INFO: [ template_filter ] --START--
INFO: Run Behavior\ContentReplaceBehavior [ RunTime:0.000429s ]
INFO: [ template_filter ] --END-- [ RunTime:0.000530s ]
SQL: SHOW COLUMNS FROM `mke_admin_upload` [ RunTime:0.0059s ]
SQL: SHOW COLUMNS FROM `mke_admin_nav` [ RunTime:0.0049s ]
SQL: SELECT `id`,`group`,`pid`,`title`,`type`,`value`,`target`,`icon`,`create_time`,`update_time`,`sort`,`status` FROM `mke_admin_nav` WHERE `status` = 1 AND `group` = 'main' ORDER BY `sort` asc,`id` asc  [ RunTime:0.0006s ]
SQL: SELECT `id`,`group`,`pid`,`title`,`type`,`value`,`target`,`icon`,`create_time`,`update_time`,`sort`,`status` FROM `mke_admin_nav` WHERE `status` = 1 AND `group` = 'bottom' ORDER BY `sort` asc,`id` asc  [ RunTime:0.0007s ]
INFO: [ PageFooter ] --START--
SQL: SELECT `config` FROM `mke_admin_addon` WHERE `name` = 'RocketToTop' AND `status` = 1 LIMIT 1   [ RunTime:0.0005s ]
INFO: [ view_parse ] --START--
INFO: [ template_filter ] --START--
INFO: Run Behavior\ContentReplaceBehavior [ RunTime:0.000126s ]
INFO: [ template_filter ] --END-- [ RunTime:-0.029922s ]
INFO: Run Behavior\ParseTemplateBehavior [ RunTime:0.002999s ]
INFO: [ view_parse ] --END-- [ RunTime:0.003071s ]
INFO: [ view_filter ] --START--
INFO: Run Behavior\WriteHtmlCacheBehavior [ RunTime:0.000541s ]
INFO: [ view_filter ] --END-- [ RunTime:0.000582s ]
INFO: Run Addons\RocketToTop\RocketToTopAddon [ RunTime:0.007894s ]
INFO: [ PageFooter ] --END-- [ RunTime:0.007943s ]
INFO: Run Behavior\ParseTemplateBehavior [ RunTime:0.003787s ]
INFO: [ view_parse ] --END-- [ RunTime:0.003071s ]
INFO: [ view_filter ] --START--
INFO: Run Behavior\WriteHtmlCacheBehavior [ RunTime:0.000011s ]
INFO: [ view_filter ] --END-- [ RunTime:-0.000180s ]
INFO: [ app_end ] --START--
INFO: Run Behavior\ShowPageTraceBehavior [ RunTime:0.000799s ]
INFO: [ app_end ] --END-- [ RunTime:0.000860s ]

[ 2016-11-23T14:11:21+08:00 ] ::1 /cytest/index.php?s=/Home/weixin/run
INFO: [ app_init ] --START--
INFO: Run Behavior\BuildLiteBehavior [ RunTime:0.000023s ]
SQL: SHOW COLUMNS FROM `ly_admin_config` [ RunTime:0.0313s ]
SQL: SELECT `name`,`value`,`type` FROM `ly_admin_config` WHERE `status` = 1  [ RunTime:0.0264s ]
SQL: SHOW COLUMNS FROM `ly_admin_module` [ RunTime:0.0267s ]
SQL: SELECT `name` FROM `ly_admin_module` WHERE `status` = 1 AND `is_system` = 0  [ RunTime:0.0261s ]
INFO: Run Common\Behavior\InitModuleBehavior [ RunTime:0.257852s ]
INFO: [ app_init ] --END-- [ RunTime:0.258038s ]
INFO: [ app_begin ] --START--
INFO: Run Behavior\ReadHtmlCacheBehavior [ RunTime:0.001492s ]
SQL: SELECT `name`,`value`,`type` FROM `ly_admin_config` WHERE `status` = 1  [ RunTime:0.0301s ]
SQL: SELECT * FROM `ly_admin_module` WHERE `status` = 1  [ RunTime:0.0281s ]
INFO: Run Common\Behavior\InitConfigBehavior [ RunTime:0.062727s ]
INFO: [ app_begin ] --END-- [ RunTime:0.064415s ]
INFO: [ action_begin ] --START--
SQL: SHOW COLUMNS FROM `ly_admin_hook` [ RunTime:0.0279s ]
SQL: SELECT `name`,`addons` FROM `ly_admin_hook`  [ RunTime:0.0278s ]
SQL: SHOW COLUMNS FROM `ly_admin_addon` [ RunTime:0.0294s ]
SQL: SELECT `id`,`name` FROM `ly_admin_addon` WHERE `status` = 1 AND `name` IN ('后台首页小工具')  [ RunTime:0.0286s ]
SQL: SELECT `id`,`name` FROM `ly_admin_addon` WHERE `status` = 1 AND `name` IN ('RocketToTop')  [ RunTime:0.0280s ]
INFO: Run Common\Behavior\InitHookBehavior [ RunTime:0.150262s ]
INFO: [ action_begin ] --END-- [ RunTime:0.150387s ]
ERR: The ext 'openssl' is required.

