[ 2016-12-19T13:30:09+08:00 ] ::1 /cytest/index.php?s=admin
INFO: [ app_init ] --START--
INFO: Run Behavior\BuildLiteBehavior [ RunTime:0.000015s ]
SQL: SHOW COLUMNS FROM `mke_admin_config` [ RunTime:0.0262s ]
SQL: SELECT `name`,`value`,`type` FROM `mke_admin_config` WHERE `status` = 1  [ RunTime:0.0311s ]
SQL: SHOW COLUMNS FROM `mke_admin_module` [ RunTime:0.0366s ]
SQL: SELECT `name` FROM `mke_admin_module` WHERE `status` = 1 AND `is_system` = 0  [ RunTime:0.0242s ]
INFO: Run Common\Behavior\InitModuleBehavior [ RunTime:0.238698s ]
INFO: [ app_init ] --END-- [ RunTime:0.238862s ]
INFO: [ app_begin ] --START--
INFO: Run Behavior\ReadHtmlCacheBehavior [ RunTime:0.002423s ]
SQL: SELECT `name`,`value`,`type` FROM `mke_admin_config` WHERE `status` = 1  [ RunTime:0.0275s ]
SQL: SELECT * FROM `mke_admin_module` WHERE `status` = 1  [ RunTime:0.0276s ]
INFO: Run Common\Behavior\InitConfigBehavior [ RunTime:0.062360s ]
INFO: [ app_begin ] --END-- [ RunTime:0.065125s ]
INFO: [ action_begin ] --START--
SQL: SHOW COLUMNS FROM `mke_admin_hook` [ RunTime:0.0245s ]
SQL: SELECT `name`,`addons` FROM `mke_admin_hook`  [ RunTime:0.0241s ]
SQL: SHOW COLUMNS FROM `mke_admin_addon` [ RunTime:0.0270s ]
SQL: SELECT `id`,`name` FROM `mke_admin_addon` WHERE `status` = 1 AND `name` IN ('后台首页小工具','ModelConfigEditor')  [ RunTime:0.0234s ]
SQL: SELECT `id`,`name` FROM `mke_admin_addon` WHERE `status` = 1 AND `name` IN ('RocketToTop')  [ RunTime:0.0234s ]
INFO: Run Common\Behavior\InitHookBehavior [ RunTime:0.132804s ]
INFO: [ action_begin ] --END-- [ RunTime:0.132952s ]

