[ 2017-01-05T13:20:53+08:00 ] ::1 /cytest/admin.php?s=/Maintain/Index/index.html
INFO: [ app_init ] --START--
INFO: Run Behavior\BuildLiteBehavior [ RunTime:0.000014s ]
SQL: SHOW COLUMNS FROM `mke_admin_config` [ RunTime:0.0062s ]
SQL: SELECT `name`,`value`,`type` FROM `mke_admin_config` WHERE `status` = 1  [ RunTime:0.0006s ]
SQL: SHOW COLUMNS FROM `mke_admin_module` [ RunTime:0.0059s ]
SQL: SELECT `name` FROM `mke_admin_module` WHERE `status` = 1 AND `is_system` = 0  [ RunTime:0.0004s ]
INFO: Run Common\Behavior\InitModuleBehavior [ RunTime:0.030792s ]
INFO: [ app_init ] --END-- [ RunTime:0.030898s ]
INFO: [ app_begin ] --START--
INFO: Run Behavior\ReadHtmlCacheBehavior [ RunTime:0.000811s ]
SQL: SELECT `name`,`value`,`type` FROM `mke_admin_config` WHERE `status` = 1  [ RunTime:0.0006s ]
SQL: SELECT * FROM `mke_admin_module` WHERE `status` = 1  [ RunTime:0.0008s ]
INFO: Run Common\Behavior\InitConfigBehavior [ RunTime:0.006030s ]
INFO: [ app_begin ] --END-- [ RunTime:0.006968s ]
INFO: [ action_begin ] --START--
SQL: SHOW COLUMNS FROM `mke_admin_hook` [ RunTime:0.0063s ]
SQL: SELECT `name`,`addons` FROM `mke_admin_hook`  [ RunTime:0.0003s ]
SQL: SHOW COLUMNS FROM `mke_admin_addon` [ RunTime:0.0070s ]
SQL: SELECT `id`,`name` FROM `mke_admin_addon` WHERE `status` = 1 AND `name` IN ('后台首页小工具','ModelConfigEditor')  [ RunTime:0.0005s ]
SQL: SELECT `id`,`name` FROM `mke_admin_addon` WHERE `status` = 1 AND `name` IN ('RocketToTop')  [ RunTime:0.0003s ]
INFO: Run Common\Behavior\InitHookBehavior [ RunTime:0.020584s ]
INFO: [ action_begin ] --END-- [ RunTime:0.020684s ]
SQL: SHOW COLUMNS FROM `mke_admin_user` [ RunTime:0.0071s ]
SQL: SHOW COLUMNS FROM `mke_admin_group` [ RunTime:0.0063s ]
SQL: SELECT `admin_menu` FROM `mke_admin_module` WHERE `name` = 'Maintain' LIMIT 1   [ RunTime:0.0004s ]
SQL: SHOW COLUMNS FROM `mke_admin_access` [ RunTime:0.0072s ]
SQL: SELECT `group` FROM `mke_admin_access` WHERE `uid` = 1 LIMIT 1   [ RunTime:0.0004s ]
SQL: SELECT `group` FROM `mke_admin_access` WHERE `uid` = 1 LIMIT 1   [ RunTime:0.0003s ]
SQL: SELECT * FROM `mke_admin_group` WHERE `id` = 1 LIMIT 1   [ RunTime:0.0005s ]
SQL: SELECT * FROM `mke_admin_module` WHERE `status` = 1 ORDER BY `sort` asc,`id` asc  [ RunTime:0.0007s ]
SQL: SELECT `admin_menu` FROM `mke_admin_module` WHERE `name` = 'Maintain' LIMIT 1   [ RunTime:0.0004s ]
INFO: [ action_begin ] --START--
SQL: SELECT `name`,`addons` FROM `mke_admin_hook`  [ RunTime:0.0004s ]
SQL: SELECT `id`,`name` FROM `mke_admin_addon` WHERE `status` = 1 AND `name` IN ('后台首页小工具','ModelConfigEditor')  [ RunTime:0.0003s ]
SQL: SELECT `id`,`name` FROM `mke_admin_addon` WHERE `status` = 1 AND `name` IN ('RocketToTop')  [ RunTime:0.0003s ]
INFO: Run Common\Behavior\InitHookBehavior [ RunTime:0.003205s ]
INFO: [ action_begin ] --END-- [ RunTime:-0.036038s ]
SQL: SELECT `group` FROM `mke_admin_access` WHERE `uid` = 1 LIMIT 1   [ RunTime:0.0005s ]
SQL: SELECT `user_nav` FROM `mke_admin_module` WHERE `status` = 1  [ RunTime:0.0005s ]
SQL: SELECT `title` FROM `mke_admin_module` WHERE `name` = 'Maintain' LIMIT 1   [ RunTime:0.0004s ]
INFO: [ view_parse ] --START--
INFO: [ template_filter ] --START--
INFO: Run Behavior\ContentReplaceBehavior [ RunTime:0.001373s ]
INFO: [ template_filter ] --END-- [ RunTime:0.001463s ]
INFO: Run Behavior\ParseTemplateBehavior [ RunTime:0.108738s ]
INFO: [ view_parse ] --END-- [ RunTime:0.108822s ]
INFO: [ view_filter ] --START--
INFO: Run Behavior\WriteHtmlCacheBehavior [ RunTime:0.000581s ]
INFO: [ view_filter ] --END-- [ RunTime:0.000645s ]
INFO: [ app_end ] --START--
INFO: Run Behavior\ShowPageTraceBehavior [ RunTime:0.000761s ]
INFO: [ app_end ] --END-- [ RunTime:0.000829s ]

