[ 2017-02-04T10:38:28+08:00 ] ::1 /cyt/mke/admin.php?s=/Maintain/Index/index.html
INFO: [ app_init ] --START--
INFO: Run Behavior\BuildLiteBehavior [ RunTime:0.000015s ]
SQL: SHOW COLUMNS FROM `mke_admin_config` [ RunTime:0.0074s ]
SQL: SELECT `name`,`value`,`type` FROM `mke_admin_config` WHERE `status` = 1  [ RunTime:0.0006s ]
SQL: SHOW COLUMNS FROM `mke_admin_module` [ RunTime:0.0059s ]
SQL: SELECT `name` FROM `mke_admin_module` WHERE `status` = 1 AND `is_system` = 0  [ RunTime:0.0004s ]
INFO: Run Common\Behavior\InitModuleBehavior [ RunTime:0.032247s ]
INFO: [ app_init ] --END-- [ RunTime:0.032355s ]
INFO: [ app_begin ] --START--
INFO: Run Behavior\ReadHtmlCacheBehavior [ RunTime:0.000878s ]
SQL: SELECT `name`,`value`,`type` FROM `mke_admin_config` WHERE `status` = 1  [ RunTime:0.0006s ]
SQL: SELECT * FROM `mke_admin_module` WHERE `status` = 1  [ RunTime:0.0004s ]

[ 2017-02-04T10:44:38+08:00 ] ::1 /cyt/mke/admin.php?s=/Maintain/Index/index.html
INFO: [ app_init ] --START--
INFO: Run Behavior\BuildLiteBehavior [ RunTime:0.000014s ]
SQL: SHOW COLUMNS FROM `mke_admin_config` [ RunTime:0.0091s ]
SQL: SELECT `name`,`value`,`type` FROM `mke_admin_config` WHERE `status` = 1  [ RunTime:0.0007s ]
SQL: SHOW COLUMNS FROM `mke_admin_module` [ RunTime:0.0063s ]
SQL: SELECT `name` FROM `mke_admin_module` WHERE `status` = 1 AND `is_system` = 0  [ RunTime:0.0004s ]
INFO: Run Common\Behavior\InitModuleBehavior [ RunTime:0.036124s ]
INFO: [ app_init ] --END-- [ RunTime:0.036240s ]
INFO: [ app_begin ] --START--
INFO: Run Behavior\ReadHtmlCacheBehavior [ RunTime:0.000863s ]
SQL: SELECT `name`,`value`,`type` FROM `mke_admin_config` WHERE `status` = 1  [ RunTime:0.0007s ]
SQL: SELECT * FROM `mke_admin_module` WHERE `status` = 1  [ RunTime:0.0008s ]

