[ 2017-01-23T14:03:03+08:00 ] ::1 /cytest/admin.php?s=/Stock/Index/index.html
INFO: [ app_init ] --START--
INFO: Run Behavior\BuildLiteBehavior [ RunTime:0.000016s ]
SQL: SHOW COLUMNS FROM `mke_admin_config` [ RunTime:0.0067s ]
SQL: SELECT `name`,`value`,`type` FROM `mke_admin_config` WHERE `status` = 1  [ RunTime:0.0005s ]
SQL: SHOW COLUMNS FROM `mke_admin_module` [ RunTime:0.0059s ]
SQL: SELECT `name` FROM `mke_admin_module` WHERE `status` = 1 AND `is_system` = 0  [ RunTime:0.0004s ]
INFO: Run Common\Behavior\InitModuleBehavior [ RunTime:0.030722s ]
INFO: [ app_init ] --END-- [ RunTime:0.030855s ]
INFO: [ app_begin ] --START--
INFO: Run Behavior\ReadHtmlCacheBehavior [ RunTime:0.000828s ]
SQL: SELECT `name`,`value`,`type` FROM `mke_admin_config` WHERE `status` = 1  [ RunTime:0.0006s ]
SQL: SELECT * FROM `mke_admin_module` WHERE `status` = 1  [ RunTime:0.0005s ]
INFO: Run Common\Behavior\InitConfigBehavior [ RunTime:0.005153s ]
INFO: [ app_begin ] --END-- [ RunTime:0.006096s ]
INFO: [ action_begin ] --START--
SQL: SHOW COLUMNS FROM `mke_admin_hook` [ RunTime:0.0051s ]
SQL: SELECT `name`,`addons` FROM `mke_admin_hook`  [ RunTime:0.0003s ]
SQL: SHOW COLUMNS FROM `mke_admin_addon` [ RunTime:0.0055s ]
SQL: SELECT `id`,`name` FROM `mke_admin_addon` WHERE `status` = 1 AND `name` IN ('后台首页小工具','ModelConfigEditor')  [ RunTime:0.0004s ]
SQL: SELECT `id`,`name` FROM `mke_admin_addon` WHERE `status` = 1 AND `name` IN ('RocketToTop')  [ RunTime:0.0003s ]
INFO: Run Common\Behavior\InitHookBehavior [ RunTime:0.017081s ]
INFO: [ action_begin ] --END-- [ RunTime:0.017180s ]
SQL: SHOW COLUMNS FROM `mke_admin_user` [ RunTime:0.0059s ]
SQL: SHOW COLUMNS FROM `mke_admin_group` [ RunTime:0.0048s ]
SQL: SELECT `admin_menu` FROM `mke_admin_module` WHERE `name` = 'Stock' LIMIT 1   [ RunTime:0.0004s ]
SQL: SHOW COLUMNS FROM `mke_admin_access` [ RunTime:0.0053s ]
SQL: SELECT `group` FROM `mke_admin_access` WHERE `uid` = 1 LIMIT 1   [ RunTime:0.0003s ]
SQL: SELECT `group` FROM `mke_admin_access` WHERE `uid` = 1 LIMIT 1   [ RunTime:0.0002s ]
SQL: SELECT * FROM `mke_admin_group` WHERE `id` = 1 LIMIT 1   [ RunTime:0.0003s ]
SQL: SELECT * FROM `mke_admin_module` WHERE `status` = 1 ORDER BY `sort` asc,`id` asc  [ RunTime:0.0006s ]
SQL: SELECT `admin_menu` FROM `mke_admin_module` WHERE `name` = 'Stock' LIMIT 1   [ RunTime:0.0004s ]
INFO: [ action_begin ] --START--
SQL: SELECT `name`,`addons` FROM `mke_admin_hook`  [ RunTime:0.0003s ]
SQL: SELECT `id`,`name` FROM `mke_admin_addon` WHERE `status` = 1 AND `name` IN ('后台首页小工具','ModelConfigEditor')  [ RunTime:0.0003s ]
SQL: SELECT `id`,`name` FROM `mke_admin_addon` WHERE `status` = 1 AND `name` IN ('RocketToTop')  [ RunTime:0.0003s ]
INFO: Run Common\Behavior\InitHookBehavior [ RunTime:0.002878s ]
INFO: [ action_begin ] --END-- [ RunTime:-0.030826s ]
SQL: SELECT `group` FROM `mke_admin_access` WHERE `uid` = 1 LIMIT 1   [ RunTime:0.0005s ]
NOTIC: [8] Undefined index: status D:\phpStudy\WWW\cytest\Application\Common\Builder\ListBuilder.class.php 第 568 行.
NOTIC: [8] Undefined index: forbid D:\phpStudy\WWW\cytest\Application\Common\Builder\ListBuilder.class.php 第 568 行.
NOTIC: [8] Undefined index: name D:\phpStudy\WWW\cytest\Application\Common\Builder\ListBuilder.class.php 第 595 行.
NOTIC: [8] Undefined index: status D:\phpStudy\WWW\cytest\Application\Common\Builder\ListBuilder.class.php 第 568 行.
NOTIC: [8] Undefined index: forbid D:\phpStudy\WWW\cytest\Application\Common\Builder\ListBuilder.class.php 第 568 行.
NOTIC: [8] Undefined index: name D:\phpStudy\WWW\cytest\Application\Common\Builder\ListBuilder.class.php 第 595 行.
SQL: SELECT `user_nav` FROM `mke_admin_module` WHERE `status` = 1  [ RunTime:0.0004s ]
SQL: SELECT `title` FROM `mke_admin_module` WHERE `name` = 'Stock' LIMIT 1   [ RunTime:0.0004s ]
INFO: [ view_parse ] --START--
INFO: [ template_filter ] --START--
INFO: Run Behavior\ContentReplaceBehavior [ RunTime:0.001410s ]
INFO: [ template_filter ] --END-- [ RunTime:0.001480s ]
NOTIC: [8] Undefined index: title D:\phpStudy\WWW\cytest\Runtime\Cache\Stock\d2db961455aa86f1865a8062c7758332.php 第 707 行.
NOTIC: [8] Undefined index: title D:\phpStudy\WWW\cytest\Runtime\Cache\Stock\d2db961455aa86f1865a8062c7758332.php 第 707 行.
INFO: Run Behavior\ParseTemplateBehavior [ RunTime:0.122253s ]
INFO: [ view_parse ] --END-- [ RunTime:0.122400s ]
INFO: [ view_filter ] --START--
INFO: Run Behavior\WriteHtmlCacheBehavior [ RunTime:0.000599s ]
INFO: [ view_filter ] --END-- [ RunTime:0.000662s ]
INFO: [ app_end ] --START--
INFO: Run Behavior\ShowPageTraceBehavior [ RunTime:0.000782s ]
INFO: [ app_end ] --END-- [ RunTime:0.000864s ]

[ 2017-01-23T14:11:48+08:00 ] ::1 /cytest/admin.php?s=/Stock/Index/index.html
INFO: [ app_init ] --START--
INFO: Run Behavior\BuildLiteBehavior [ RunTime:0.000020s ]
SQL: SHOW COLUMNS FROM `mke_admin_config` [ RunTime:0.0060s ]
SQL: SELECT `name`,`value`,`type` FROM `mke_admin_config` WHERE `status` = 1  [ RunTime:0.0006s ]
SQL: SHOW COLUMNS FROM `mke_admin_module` [ RunTime:0.0050s ]
SQL: SELECT `name` FROM `mke_admin_module` WHERE `status` = 1 AND `is_system` = 0  [ RunTime:0.0006s ]
INFO: Run Common\Behavior\InitModuleBehavior [ RunTime:0.031995s ]
INFO: [ app_init ] --END-- [ RunTime:0.032151s ]
INFO: [ app_begin ] --START--
INFO: Run Behavior\ReadHtmlCacheBehavior [ RunTime:0.000875s ]
SQL: SELECT `name`,`value`,`type` FROM `mke_admin_config` WHERE `status` = 1  [ RunTime:0.0007s ]
SQL: SELECT * FROM `mke_admin_module` WHERE `status` = 1  [ RunTime:0.0006s ]
INFO: Run Common\Behavior\InitConfigBehavior [ RunTime:0.006587s ]
INFO: [ app_begin ] --END-- [ RunTime:0.007610s ]
INFO: [ action_begin ] --START--
SQL: SHOW COLUMNS FROM `mke_admin_hook` [ RunTime:0.0049s ]
SQL: SELECT `name`,`addons` FROM `mke_admin_hook`  [ RunTime:0.0003s ]
SQL: SHOW COLUMNS FROM `mke_admin_addon` [ RunTime:0.0065s ]
SQL: SELECT `id`,`name` FROM `mke_admin_addon` WHERE `status` = 1 AND `name` IN ('后台首页小工具','ModelConfigEditor')  [ RunTime:0.0004s ]
SQL: SELECT `id`,`name` FROM `mke_admin_addon` WHERE `status` = 1 AND `name` IN ('RocketToTop')  [ RunTime:0.0003s ]
INFO: Run Common\Behavior\InitHookBehavior [ RunTime:0.019167s ]
INFO: [ action_begin ] --END-- [ RunTime:0.019271s ]
SQL: SHOW COLUMNS FROM `mke_admin_user` [ RunTime:0.0053s ]
SQL: SHOW COLUMNS FROM `mke_admin_group` [ RunTime:0.0061s ]
SQL: SELECT `admin_menu` FROM `mke_admin_module` WHERE `name` = 'Stock' LIMIT 1   [ RunTime:0.0004s ]
SQL: SHOW COLUMNS FROM `mke_admin_access` [ RunTime:0.0047s ]
SQL: SELECT `group` FROM `mke_admin_access` WHERE `uid` = 1 LIMIT 1   [ RunTime:0.0003s ]
SQL: SELECT `group` FROM `mke_admin_access` WHERE `uid` = 1 LIMIT 1   [ RunTime:0.0002s ]
SQL: SELECT * FROM `mke_admin_group` WHERE `id` = 1 LIMIT 1   [ RunTime:0.0003s ]
SQL: SELECT * FROM `mke_admin_module` WHERE `status` = 1 ORDER BY `sort` asc,`id` asc  [ RunTime:0.0005s ]
SQL: SELECT `admin_menu` FROM `mke_admin_module` WHERE `name` = 'Stock' LIMIT 1   [ RunTime:0.0004s ]
INFO: [ action_begin ] --START--
SQL: SELECT `name`,`addons` FROM `mke_admin_hook`  [ RunTime:0.0003s ]
SQL: SELECT `id`,`name` FROM `mke_admin_addon` WHERE `status` = 1 AND `name` IN ('后台首页小工具','ModelConfigEditor')  [ RunTime:0.0003s ]
SQL: SELECT `id`,`name` FROM `mke_admin_addon` WHERE `status` = 1 AND `name` IN ('RocketToTop')  [ RunTime:0.0002s ]
INFO: Run Common\Behavior\InitHookBehavior [ RunTime:0.002771s ]
INFO: [ action_begin ] --END-- [ RunTime:-0.030596s ]
NOTIC: [8] Undefined index: status D:\phpStudy\WWW\cytest\Application\Common\Builder\ListBuilder.class.php 第 568 行.
NOTIC: [8] Undefined index: forbid D:\phpStudy\WWW\cytest\Application\Common\Builder\ListBuilder.class.php 第 568 行.
NOTIC: [8] Undefined index: name D:\phpStudy\WWW\cytest\Application\Common\Builder\ListBuilder.class.php 第 595 行.
NOTIC: [8] Undefined index: status D:\phpStudy\WWW\cytest\Application\Common\Builder\ListBuilder.class.php 第 568 行.
NOTIC: [8] Undefined index: forbid D:\phpStudy\WWW\cytest\Application\Common\Builder\ListBuilder.class.php 第 568 行.
NOTIC: [8] Undefined index: name D:\phpStudy\WWW\cytest\Application\Common\Builder\ListBuilder.class.php 第 595 行.
SQL: SELECT `user_nav` FROM `mke_admin_module` WHERE `status` = 1  [ RunTime:0.0004s ]
SQL: SELECT `title` FROM `mke_admin_module` WHERE `name` = 'Stock' LIMIT 1   [ RunTime:0.0003s ]
INFO: [ view_parse ] --START--
INFO: [ template_filter ] --START--
INFO: Run Behavior\ContentReplaceBehavior [ RunTime:0.001443s ]
INFO: [ template_filter ] --END-- [ RunTime:0.001506s ]
NOTIC: [8] Undefined index: title D:\phpStudy\WWW\cytest\Runtime\Cache\Stock\d2db961455aa86f1865a8062c7758332.php 第 707 行.
NOTIC: [8] Undefined index: title D:\phpStudy\WWW\cytest\Runtime\Cache\Stock\d2db961455aa86f1865a8062c7758332.php 第 707 行.
INFO: Run Behavior\ParseTemplateBehavior [ RunTime:0.116645s ]
INFO: [ view_parse ] --END-- [ RunTime:0.116698s ]
INFO: [ view_filter ] --START--
INFO: Run Behavior\WriteHtmlCacheBehavior [ RunTime:0.000652s ]
INFO: [ view_filter ] --END-- [ RunTime:0.000694s ]
INFO: [ app_end ] --START--
INFO: Run Behavior\ShowPageTraceBehavior [ RunTime:0.000936s ]
INFO: [ app_end ] --END-- [ RunTime:0.000999s ]

[ 2017-01-23T17:40:25+08:00 ] ::1 /cyt/mke/admin.php?s=/Stock/Index/index.html
INFO: [ app_init ] --START--
INFO: Run Behavior\BuildLiteBehavior [ RunTime:0.000015s ]
SQL: SHOW COLUMNS FROM `mke_admin_config` [ RunTime:0.0089s ]
SQL: SELECT `name`,`value`,`type` FROM `mke_admin_config` WHERE `status` = 1  [ RunTime:0.0007s ]
SQL: SHOW COLUMNS FROM `mke_admin_module` [ RunTime:0.0059s ]
SQL: SELECT `name` FROM `mke_admin_module` WHERE `status` = 1 AND `is_system` = 0  [ RunTime:0.0004s ]
INFO: Run Common\Behavior\InitModuleBehavior [ RunTime:0.033475s ]
INFO: [ app_init ] --END-- [ RunTime:0.033584s ]
INFO: [ app_begin ] --START--
INFO: Run Behavior\ReadHtmlCacheBehavior [ RunTime:0.001056s ]
SQL: SELECT `name`,`value`,`type` FROM `mke_admin_config` WHERE `status` = 1  [ RunTime:0.0005s ]
SQL: SELECT * FROM `mke_admin_module` WHERE `status` = 1  [ RunTime:0.0004s ]
INFO: Run Common\Behavior\InitConfigBehavior [ RunTime:0.005750s ]
INFO: [ app_begin ] --END-- [ RunTime:0.006927s ]
INFO: [ action_begin ] --START--
SQL: SHOW COLUMNS FROM `mke_admin_hook` [ RunTime:0.0064s ]
SQL: SELECT `name`,`addons` FROM `mke_admin_hook`  [ RunTime:0.0003s ]
SQL: SHOW COLUMNS FROM `mke_admin_addon` [ RunTime:0.0058s ]
SQL: SELECT `id`,`name` FROM `mke_admin_addon` WHERE `status` = 1 AND `name` IN ('后台首页小工具','ModelConfigEditor')  [ RunTime:0.0004s ]
SQL: SELECT `id`,`name` FROM `mke_admin_addon` WHERE `status` = 1 AND `name` IN ('RocketToTop')  [ RunTime:0.0003s ]
INFO: Run Common\Behavior\InitHookBehavior [ RunTime:0.019252s ]
INFO: [ action_begin ] --END-- [ RunTime:0.019347s ]
SQL: SHOW COLUMNS FROM `mke_admin_user` [ RunTime:0.0061s ]
SQL: SHOW COLUMNS FROM `mke_admin_group` [ RunTime:0.0062s ]
SQL: SELECT `admin_menu` FROM `mke_admin_module` WHERE `name` = 'Stock' LIMIT 1   [ RunTime:0.0005s ]
SQL: SHOW COLUMNS FROM `mke_admin_access` [ RunTime:0.0066s ]
SQL: SELECT `group` FROM `mke_admin_access` WHERE `uid` = 1 LIMIT 1   [ RunTime:0.0003s ]
SQL: SELECT `group` FROM `mke_admin_access` WHERE `uid` = 1 LIMIT 1   [ RunTime:0.0002s ]
SQL: SELECT * FROM `mke_admin_group` WHERE `id` = 1 LIMIT 1   [ RunTime:0.0002s ]
SQL: SELECT * FROM `mke_admin_module` WHERE `status` = 1 ORDER BY `sort` asc,`id` asc  [ RunTime:0.0004s ]
SQL: SELECT `admin_menu` FROM `mke_admin_module` WHERE `name` = 'Stock' LIMIT 1   [ RunTime:0.0004s ]
INFO: [ action_begin ] --START--
SQL: SELECT `name`,`addons` FROM `mke_admin_hook`  [ RunTime:0.0003s ]
SQL: SELECT `id`,`name` FROM `mke_admin_addon` WHERE `status` = 1 AND `name` IN ('后台首页小工具','ModelConfigEditor')  [ RunTime:0.0002s ]
SQL: SELECT `id`,`name` FROM `mke_admin_addon` WHERE `status` = 1 AND `name` IN ('RocketToTop')  [ RunTime:0.0002s ]
INFO: Run Common\Behavior\InitHookBehavior [ RunTime:0.002624s ]
INFO: [ action_begin ] --END-- [ RunTime:-0.032827s ]
NOTIC: [8] Undefined index: status D:\phpStudy\WWW\cyt\mke\Application\Common\Builder\ListBuilder.class.php 第 623 行.
NOTIC: [8] Undefined index: forbid D:\phpStudy\WWW\cyt\mke\Application\Common\Builder\ListBuilder.class.php 第 623 行.
NOTIC: [8] Undefined index: status D:\phpStudy\WWW\cyt\mke\Application\Common\Builder\ListBuilder.class.php 第 623 行.
NOTIC: [8] Undefined index: forbid D:\phpStudy\WWW\cyt\mke\Application\Common\Builder\ListBuilder.class.php 第 623 行.
SQL: SELECT `user_nav` FROM `mke_admin_module` WHERE `status` = 1  [ RunTime:0.0004s ]
SQL: SELECT `title` FROM `mke_admin_module` WHERE `name` = 'Stock' LIMIT 1   [ RunTime:0.0003s ]
INFO: [ view_parse ] --START--
INFO: [ template_filter ] --START--
INFO: Run Behavior\ContentReplaceBehavior [ RunTime:0.001388s ]
INFO: [ template_filter ] --END-- [ RunTime:0.001455s ]
NOTIC: [8] Undefined index: title D:\phpStudy\WWW\cyt\mke\Runtime\Cache\Stock\d2db961455aa86f1865a8062c7758332.php 第 707 行.
NOTIC: [8] Undefined index: title D:\phpStudy\WWW\cyt\mke\Runtime\Cache\Stock\d2db961455aa86f1865a8062c7758332.php 第 707 行.
INFO: Run Behavior\ParseTemplateBehavior [ RunTime:0.119783s ]
INFO: [ view_parse ] --END-- [ RunTime:0.119856s ]
INFO: [ view_filter ] --START--
INFO: Run Behavior\WriteHtmlCacheBehavior [ RunTime:0.000941s ]
INFO: [ view_filter ] --END-- [ RunTime:0.001003s ]
INFO: [ app_end ] --START--
INFO: Run Behavior\ShowPageTraceBehavior [ RunTime:0.001477s ]
INFO: [ app_end ] --END-- [ RunTime:0.001566s ]

