[ 2017-01-03T13:40:20+08:00 ] ::1 /cytest/admin.php?s=/Stock/Index/index.html
INFO: [ app_init ] --START--
INFO: Run Behavior\BuildLiteBehavior [ RunTime:0.000015s ]
SQL: SHOW COLUMNS FROM `mke_admin_config` [ RunTime:0.0378s ]
SQL: SELECT `name`,`value`,`type` FROM `mke_admin_config` WHERE `status` = 1  [ RunTime:0.0319s ]
SQL: SHOW COLUMNS FROM `mke_admin_module` [ RunTime:0.0337s ]
SQL: SELECT `name` FROM `mke_admin_module` WHERE `status` = 1 AND `is_system` = 0  [ RunTime:0.0325s ]
INFO: Run Common\Behavior\InitModuleBehavior [ RunTime:0.285465s ]
INFO: [ app_init ] --END-- [ RunTime:0.285581s ]
INFO: [ app_begin ] --START--
INFO: Run Behavior\ReadHtmlCacheBehavior [ RunTime:0.000914s ]
SQL: SELECT `name`,`value`,`type` FROM `mke_admin_config` WHERE `status` = 1  [ RunTime:0.0332s ]
SQL: SELECT * FROM `mke_admin_module` WHERE `status` = 1  [ RunTime:0.0326s ]
INFO: Run Common\Behavior\InitConfigBehavior [ RunTime:0.070867s ]
INFO: [ app_begin ] --END-- [ RunTime:0.071907s ]
INFO: [ action_begin ] --START--
SQL: SHOW COLUMNS FROM `mke_admin_hook` [ RunTime:0.0331s ]
SQL: SELECT `name`,`addons` FROM `mke_admin_hook`  [ RunTime:0.0312s ]
SQL: SHOW COLUMNS FROM `mke_admin_addon` [ RunTime:0.0328s ]
SQL: SELECT `id`,`name` FROM `mke_admin_addon` WHERE `status` = 1 AND `name` IN ('后台首页小工具','ModelConfigEditor')  [ RunTime:0.0366s ]
SQL: SELECT `id`,`name` FROM `mke_admin_addon` WHERE `status` = 1 AND `name` IN ('RocketToTop')  [ RunTime:0.0329s ]
INFO: Run Common\Behavior\InitHookBehavior [ RunTime:0.176190s ]
INFO: [ action_begin ] --END-- [ RunTime:0.176333s ]
SQL: SHOW COLUMNS FROM `mke_admin_user` [ RunTime:0.0493s ]
SQL: SHOW COLUMNS FROM `mke_admin_group` [ RunTime:0.0318s ]
SQL: SELECT `admin_menu` FROM `mke_admin_module` WHERE `name` = 'Stock' LIMIT 1   [ RunTime:0.0343s ]
SQL: SHOW COLUMNS FROM `mke_admin_access` [ RunTime:0.0328s ]
SQL: SELECT `group` FROM `mke_admin_access` WHERE `uid` = 1 LIMIT 1   [ RunTime:0.0317s ]
SQL: SELECT `group` FROM `mke_admin_access` WHERE `uid` = 1 LIMIT 1   [ RunTime:0.0319s ]
SQL: SELECT * FROM `mke_admin_group` WHERE `id` = 1 LIMIT 1   [ RunTime:0.0320s ]
SQL: SELECT * FROM `mke_admin_module` WHERE `status` = 1 ORDER BY `sort` asc,`id` asc  [ RunTime:0.0410s ]
SQL: SELECT `admin_menu` FROM `mke_admin_module` WHERE `name` = 'Stock' LIMIT 1   [ RunTime:0.0315s ]
INFO: [ action_begin ] --START--
SQL: SELECT `name`,`addons` FROM `mke_admin_hook`  [ RunTime:0.0321s ]
SQL: SELECT `id`,`name` FROM `mke_admin_addon` WHERE `status` = 1 AND `name` IN ('后台首页小工具','ModelConfigEditor')  [ RunTime:0.0339s ]
SQL: SELECT `id`,`name` FROM `mke_admin_addon` WHERE `status` = 1 AND `name` IN ('RocketToTop')  [ RunTime:0.0352s ]
INFO: Run Common\Behavior\InitHookBehavior [ RunTime:0.104106s ]
INFO: [ action_begin ] --END-- [ RunTime:-0.335003s ]
SQL: SELECT `group` FROM `mke_admin_access` WHERE `uid` = 1 LIMIT 1   [ RunTime:0.0321s ]
NOTIC: [8] Undefined index: status D:\phpStudy\WWW\cytest\Application\Common\Builder\ListBuilder.class.php 第 568 行.
NOTIC: [8] Undefined index: forbid D:\phpStudy\WWW\cytest\Application\Common\Builder\ListBuilder.class.php 第 568 行.
NOTIC: [8] Undefined index: name D:\phpStudy\WWW\cytest\Application\Common\Builder\ListBuilder.class.php 第 595 行.
NOTIC: [8] Undefined index: status D:\phpStudy\WWW\cytest\Application\Common\Builder\ListBuilder.class.php 第 568 行.
NOTIC: [8] Undefined index: forbid D:\phpStudy\WWW\cytest\Application\Common\Builder\ListBuilder.class.php 第 568 行.
NOTIC: [8] Undefined index: name D:\phpStudy\WWW\cytest\Application\Common\Builder\ListBuilder.class.php 第 595 行.
SQL: SELECT `user_nav` FROM `mke_admin_module` WHERE `status` = 1  [ RunTime:0.0317s ]
SQL: SELECT `title` FROM `mke_admin_module` WHERE `name` = 'Stock' LIMIT 1   [ RunTime:0.0327s ]
INFO: [ view_parse ] --START--
INFO: [ template_filter ] --START--
INFO: Run Behavior\ContentReplaceBehavior [ RunTime:0.001501s ]
INFO: [ template_filter ] --END-- [ RunTime:0.001592s ]
NOTIC: [8] Undefined index: title D:\phpStudy\WWW\cytest\Runtime\Cache\Stock\d2db961455aa86f1865a8062c7758332.php 第 707 行.
NOTIC: [8] Undefined index: title D:\phpStudy\WWW\cytest\Runtime\Cache\Stock\d2db961455aa86f1865a8062c7758332.php 第 707 行.
INFO: Run Behavior\ParseTemplateBehavior [ RunTime:0.127444s ]
INFO: [ view_parse ] --END-- [ RunTime:0.127505s ]
INFO: [ view_filter ] --START--
INFO: Run Behavior\WriteHtmlCacheBehavior [ RunTime:0.000762s ]
INFO: [ view_filter ] --END-- [ RunTime:0.000812s ]
INFO: [ app_end ] --START--
INFO: Run Behavior\ShowPageTraceBehavior [ RunTime:0.001170s ]
INFO: [ app_end ] --END-- [ RunTime:0.001259s ]

[ 2017-01-03T13:40:24+08:00 ] ::1 /cytest/admin.php?s=/Stock/Index/index.html
INFO: [ app_init ] --START--
INFO: Run Behavior\BuildLiteBehavior [ RunTime:0.000016s ]
SQL: SHOW COLUMNS FROM `mke_admin_config` [ RunTime:0.0331s ]
SQL: SELECT `name`,`value`,`type` FROM `mke_admin_config` WHERE `status` = 1  [ RunTime:0.0291s ]
SQL: SHOW COLUMNS FROM `mke_admin_module` [ RunTime:0.0308s ]
SQL: SELECT `name` FROM `mke_admin_module` WHERE `status` = 1 AND `is_system` = 0  [ RunTime:0.0279s ]
INFO: Run Common\Behavior\InitModuleBehavior [ RunTime:0.252430s ]
INFO: [ app_init ] --END-- [ RunTime:0.252583s ]
INFO: [ app_begin ] --START--
INFO: Run Behavior\ReadHtmlCacheBehavior [ RunTime:0.002544s ]
SQL: SELECT `name`,`value`,`type` FROM `mke_admin_config` WHERE `status` = 1  [ RunTime:0.0308s ]
SQL: SELECT * FROM `mke_admin_module` WHERE `status` = 1  [ RunTime:0.0319s ]
INFO: Run Common\Behavior\InitConfigBehavior [ RunTime:0.075564s ]
INFO: [ app_begin ] --END-- [ RunTime:0.078486s ]
INFO: [ action_begin ] --START--
SQL: SHOW COLUMNS FROM `mke_admin_hook` [ RunTime:0.0419s ]
SQL: SELECT `name`,`addons` FROM `mke_admin_hook`  [ RunTime:0.0448s ]
SQL: SHOW COLUMNS FROM `mke_admin_addon` [ RunTime:0.0372s ]
SQL: SELECT `id`,`name` FROM `mke_admin_addon` WHERE `status` = 1 AND `name` IN ('后台首页小工具','ModelConfigEditor')  [ RunTime:0.0293s ]
SQL: SELECT `id`,`name` FROM `mke_admin_addon` WHERE `status` = 1 AND `name` IN ('RocketToTop')  [ RunTime:0.0402s ]
INFO: Run Common\Behavior\InitHookBehavior [ RunTime:0.208016s ]
INFO: [ action_begin ] --END-- [ RunTime:0.208251s ]
SQL: SHOW COLUMNS FROM `mke_admin_user` [ RunTime:0.0505s ]
SQL: SHOW COLUMNS FROM `mke_admin_group` [ RunTime:0.0290s ]
SQL: SELECT `admin_menu` FROM `mke_admin_module` WHERE `name` = 'Stock' LIMIT 1   [ RunTime:0.0306s ]
SQL: SHOW COLUMNS FROM `mke_admin_access` [ RunTime:0.0291s ]
SQL: SELECT `group` FROM `mke_admin_access` WHERE `uid` = 1 LIMIT 1   [ RunTime:0.0276s ]
SQL: SELECT `group` FROM `mke_admin_access` WHERE `uid` = 1 LIMIT 1   [ RunTime:0.0280s ]
SQL: SELECT * FROM `mke_admin_group` WHERE `id` = 1 LIMIT 1   [ RunTime:0.0287s ]
SQL: SELECT * FROM `mke_admin_module` WHERE `status` = 1 ORDER BY `sort` asc,`id` asc  [ RunTime:0.0314s ]
SQL: SELECT `admin_menu` FROM `mke_admin_module` WHERE `name` = 'Stock' LIMIT 1   [ RunTime:0.0275s ]
INFO: [ action_begin ] --START--
SQL: SELECT `name`,`addons` FROM `mke_admin_hook`  [ RunTime:0.0285s ]
SQL: SELECT `id`,`name` FROM `mke_admin_addon` WHERE `status` = 1 AND `name` IN ('后台首页小工具','ModelConfigEditor')  [ RunTime:0.0543s ]
SQL: SELECT `id`,`name` FROM `mke_admin_addon` WHERE `status` = 1 AND `name` IN ('RocketToTop')  [ RunTime:0.0278s ]
INFO: Run Common\Behavior\InitHookBehavior [ RunTime:0.113337s ]
INFO: [ action_begin ] --END-- [ RunTime:-0.300657s ]
NOTIC: [8] Undefined index: status D:\phpStudy\WWW\cytest\Application\Common\Builder\ListBuilder.class.php 第 568 行.
NOTIC: [8] Undefined index: forbid D:\phpStudy\WWW\cytest\Application\Common\Builder\ListBuilder.class.php 第 568 行.
NOTIC: [8] Undefined index: name D:\phpStudy\WWW\cytest\Application\Common\Builder\ListBuilder.class.php 第 595 行.
NOTIC: [8] Undefined index: status D:\phpStudy\WWW\cytest\Application\Common\Builder\ListBuilder.class.php 第 568 行.
NOTIC: [8] Undefined index: forbid D:\phpStudy\WWW\cytest\Application\Common\Builder\ListBuilder.class.php 第 568 行.
NOTIC: [8] Undefined index: name D:\phpStudy\WWW\cytest\Application\Common\Builder\ListBuilder.class.php 第 595 行.
SQL: SELECT `user_nav` FROM `mke_admin_module` WHERE `status` = 1  [ RunTime:0.0278s ]
SQL: SELECT `title` FROM `mke_admin_module` WHERE `name` = 'Stock' LIMIT 1   [ RunTime:0.0284s ]
INFO: [ view_parse ] --START--
INFO: [ template_filter ] --START--
INFO: Run Behavior\ContentReplaceBehavior [ RunTime:0.001481s ]
INFO: [ template_filter ] --END-- [ RunTime:0.001570s ]
NOTIC: [8] Undefined index: title D:\phpStudy\WWW\cytest\Runtime\Cache\Stock\d2db961455aa86f1865a8062c7758332.php 第 707 行.
NOTIC: [8] Undefined index: title D:\phpStudy\WWW\cytest\Runtime\Cache\Stock\d2db961455aa86f1865a8062c7758332.php 第 707 行.
INFO: Run Behavior\ParseTemplateBehavior [ RunTime:0.119143s ]
INFO: [ view_parse ] --END-- [ RunTime:0.119208s ]
INFO: [ view_filter ] --START--
INFO: Run Behavior\WriteHtmlCacheBehavior [ RunTime:0.000869s ]
INFO: [ view_filter ] --END-- [ RunTime:0.000925s ]
INFO: [ app_end ] --START--
INFO: Run Behavior\ShowPageTraceBehavior [ RunTime:0.001123s ]
INFO: [ app_end ] --END-- [ RunTime:0.001210s ]

[ 2017-01-03T13:40:27+08:00 ] ::1 /cytest/admin.php?s=/Stock/Index/index.html
INFO: [ app_init ] --START--
INFO: Run Behavior\BuildLiteBehavior [ RunTime:0.000013s ]
SQL: SHOW COLUMNS FROM `mke_admin_config` [ RunTime:0.0525s ]
SQL: SELECT `name`,`value`,`type` FROM `mke_admin_config` WHERE `status` = 1  [ RunTime:0.0293s ]
SQL: SHOW COLUMNS FROM `mke_admin_module` [ RunTime:0.0375s ]
SQL: SELECT `name` FROM `mke_admin_module` WHERE `status` = 1 AND `is_system` = 0  [ RunTime:0.0328s ]
INFO: Run Common\Behavior\InitModuleBehavior [ RunTime:0.286307s ]
INFO: [ app_init ] --END-- [ RunTime:0.286418s ]
INFO: [ app_begin ] --START--
INFO: Run Behavior\ReadHtmlCacheBehavior [ RunTime:0.001042s ]
SQL: SELECT `name`,`value`,`type` FROM `mke_admin_config` WHERE `status` = 1  [ RunTime:0.0324s ]
SQL: SELECT * FROM `mke_admin_module` WHERE `status` = 1  [ RunTime:0.0367s ]
INFO: Run Common\Behavior\InitConfigBehavior [ RunTime:0.074780s ]
INFO: [ app_begin ] --END-- [ RunTime:0.075998s ]
INFO: [ action_begin ] --START--
SQL: SHOW COLUMNS FROM `mke_admin_hook` [ RunTime:0.0359s ]
SQL: SELECT `name`,`addons` FROM `mke_admin_hook`  [ RunTime:0.0323s ]
SQL: SHOW COLUMNS FROM `mke_admin_addon` [ RunTime:0.0337s ]
SQL: SELECT `id`,`name` FROM `mke_admin_addon` WHERE `status` = 1 AND `name` IN ('后台首页小工具','ModelConfigEditor')  [ RunTime:0.0321s ]
SQL: SELECT `id`,`name` FROM `mke_admin_addon` WHERE `status` = 1 AND `name` IN ('RocketToTop')  [ RunTime:0.0285s ]
INFO: Run Common\Behavior\InitHookBehavior [ RunTime:0.170684s ]
INFO: [ action_begin ] --END-- [ RunTime:0.170799s ]
SQL: SHOW COLUMNS FROM `mke_admin_user` [ RunTime:0.0310s ]
SQL: SHOW COLUMNS FROM `mke_admin_group` [ RunTime:0.0373s ]
SQL: SELECT `admin_menu` FROM `mke_admin_module` WHERE `name` = 'Stock' LIMIT 1   [ RunTime:0.0345s ]
SQL: SHOW COLUMNS FROM `mke_admin_access` [ RunTime:0.0325s ]
SQL: SELECT `group` FROM `mke_admin_access` WHERE `uid` = 1 LIMIT 1   [ RunTime:0.0296s ]
SQL: SELECT `group` FROM `mke_admin_access` WHERE `uid` = 1 LIMIT 1   [ RunTime:0.0277s ]
SQL: SELECT * FROM `mke_admin_group` WHERE `id` = 1 LIMIT 1   [ RunTime:0.0273s ]
SQL: SELECT * FROM `mke_admin_module` WHERE `status` = 1 ORDER BY `sort` asc,`id` asc  [ RunTime:0.0341s ]
SQL: SELECT `admin_menu` FROM `mke_admin_module` WHERE `name` = 'Stock' LIMIT 1   [ RunTime:0.0299s ]
INFO: [ action_begin ] --START--
SQL: SELECT `name`,`addons` FROM `mke_admin_hook`  [ RunTime:0.0278s ]
SQL: SELECT `id`,`name` FROM `mke_admin_addon` WHERE `status` = 1 AND `name` IN ('后台首页小工具','ModelConfigEditor')  [ RunTime:0.0275s ]
SQL: SELECT `id`,`name` FROM `mke_admin_addon` WHERE `status` = 1 AND `name` IN ('RocketToTop')  [ RunTime:0.0273s ]
INFO: Run Common\Behavior\InitHookBehavior [ RunTime:0.085422s ]
INFO: [ action_begin ] --END-- [ RunTime:-0.296799s ]
NOTIC: [8] Undefined index: status D:\phpStudy\WWW\cytest\Application\Common\Builder\ListBuilder.class.php 第 568 行.
NOTIC: [8] Undefined index: forbid D:\phpStudy\WWW\cytest\Application\Common\Builder\ListBuilder.class.php 第 568 行.
NOTIC: [8] Undefined index: name D:\phpStudy\WWW\cytest\Application\Common\Builder\ListBuilder.class.php 第 595 行.
NOTIC: [8] Undefined index: status D:\phpStudy\WWW\cytest\Application\Common\Builder\ListBuilder.class.php 第 568 行.
NOTIC: [8] Undefined index: forbid D:\phpStudy\WWW\cytest\Application\Common\Builder\ListBuilder.class.php 第 568 行.
NOTIC: [8] Undefined index: name D:\phpStudy\WWW\cytest\Application\Common\Builder\ListBuilder.class.php 第 595 行.
SQL: SELECT `user_nav` FROM `mke_admin_module` WHERE `status` = 1  [ RunTime:0.0272s ]
SQL: SELECT `title` FROM `mke_admin_module` WHERE `name` = 'Stock' LIMIT 1   [ RunTime:0.0276s ]
INFO: [ view_parse ] --START--
INFO: [ template_filter ] --START--
INFO: Run Behavior\ContentReplaceBehavior [ RunTime:0.001472s ]
INFO: [ template_filter ] --END-- [ RunTime:0.001552s ]
NOTIC: [8] Undefined index: title D:\phpStudy\WWW\cytest\Runtime\Cache\Stock\d2db961455aa86f1865a8062c7758332.php 第 707 行.
NOTIC: [8] Undefined index: title D:\phpStudy\WWW\cytest\Runtime\Cache\Stock\d2db961455aa86f1865a8062c7758332.php 第 707 行.
INFO: Run Behavior\ParseTemplateBehavior [ RunTime:0.124722s ]
INFO: [ view_parse ] --END-- [ RunTime:0.124792s ]
INFO: [ view_filter ] --START--
INFO: Run Behavior\WriteHtmlCacheBehavior [ RunTime:0.000766s ]
INFO: [ view_filter ] --END-- [ RunTime:0.000818s ]
INFO: [ app_end ] --START--
INFO: Run Behavior\ShowPageTraceBehavior [ RunTime:0.001027s ]
INFO: [ app_end ] --END-- [ RunTime:0.001096s ]

[ 2017-01-03T13:44:40+08:00 ] ::1 /cytest/admin.php?s=/Stock/Index/index.html
INFO: [ app_init ] --START--
INFO: Run Behavior\BuildLiteBehavior [ RunTime:0.000024s ]
SQL: SHOW COLUMNS FROM `mke_admin_config` [ RunTime:0.0337s ]
SQL: SELECT `name`,`value`,`type` FROM `mke_admin_config` WHERE `status` = 1  [ RunTime:0.0371s ]
SQL: SHOW COLUMNS FROM `mke_admin_module` [ RunTime:0.0325s ]
SQL: SELECT `name` FROM `mke_admin_module` WHERE `status` = 1 AND `is_system` = 0  [ RunTime:0.0327s ]
INFO: Run Common\Behavior\InitModuleBehavior [ RunTime:0.503191s ]
INFO: [ app_init ] --END-- [ RunTime:0.503321s ]
INFO: [ app_begin ] --START--
INFO: Run Behavior\ReadHtmlCacheBehavior [ RunTime:0.001026s ]
SQL: SELECT `name`,`value`,`type` FROM `mke_admin_config` WHERE `status` = 1  [ RunTime:0.0330s ]
SQL: SELECT * FROM `mke_admin_module` WHERE `status` = 1  [ RunTime:0.0341s ]
INFO: Run Common\Behavior\InitConfigBehavior [ RunTime:0.071938s ]
INFO: [ app_begin ] --END-- [ RunTime:0.073112s ]
INFO: [ action_begin ] --START--
SQL: SHOW COLUMNS FROM `mke_admin_hook` [ RunTime:0.0338s ]
SQL: SELECT `name`,`addons` FROM `mke_admin_hook`  [ RunTime:0.0331s ]
SQL: SHOW COLUMNS FROM `mke_admin_addon` [ RunTime:0.0339s ]
SQL: SELECT `id`,`name` FROM `mke_admin_addon` WHERE `status` = 1 AND `name` IN ('后台首页小工具','ModelConfigEditor')  [ RunTime:0.0329s ]
SQL: SELECT `id`,`name` FROM `mke_admin_addon` WHERE `status` = 1 AND `name` IN ('RocketToTop')  [ RunTime:0.0330s ]
INFO: Run Common\Behavior\InitHookBehavior [ RunTime:0.172720s ]
INFO: [ action_begin ] --END-- [ RunTime:0.172841s ]
SQL: SHOW COLUMNS FROM `mke_admin_user` [ RunTime:0.0338s ]
SQL: SHOW COLUMNS FROM `mke_admin_group` [ RunTime:0.0338s ]
SQL: SELECT `admin_menu` FROM `mke_admin_module` WHERE `name` = 'Stock' LIMIT 1   [ RunTime:0.0330s ]
SQL: SHOW COLUMNS FROM `mke_admin_access` [ RunTime:0.0338s ]
SQL: SELECT `group` FROM `mke_admin_access` WHERE `uid` = 1 LIMIT 1   [ RunTime:0.0328s ]
SQL: SELECT `group` FROM `mke_admin_access` WHERE `uid` = 1 LIMIT 1   [ RunTime:0.0327s ]
SQL: SELECT * FROM `mke_admin_group` WHERE `id` = 1 LIMIT 1   [ RunTime:0.0330s ]
SQL: SELECT * FROM `mke_admin_module` WHERE `status` = 1 ORDER BY `sort` asc,`id` asc  [ RunTime:0.0348s ]
SQL: SELECT `admin_menu` FROM `mke_admin_module` WHERE `name` = 'Stock' LIMIT 1   [ RunTime:0.0324s ]
INFO: [ action_begin ] --START--
SQL: SELECT `name`,`addons` FROM `mke_admin_hook`  [ RunTime:0.0338s ]
SQL: SELECT `id`,`name` FROM `mke_admin_addon` WHERE `status` = 1 AND `name` IN ('后台首页小工具','ModelConfigEditor')  [ RunTime:0.0329s ]
SQL: SELECT `id`,`name` FROM `mke_admin_addon` WHERE `status` = 1 AND `name` IN ('RocketToTop')  [ RunTime:0.0331s ]
INFO: Run Common\Behavior\InitHookBehavior [ RunTime:0.104816s ]
INFO: [ action_begin ] --END-- [ RunTime:-0.312895s ]
NOTIC: [8] Undefined index: status D:\phpStudy\WWW\cytest\Application\Common\Builder\ListBuilder.class.php 第 568 行.
NOTIC: [8] Undefined index: forbid D:\phpStudy\WWW\cytest\Application\Common\Builder\ListBuilder.class.php 第 568 行.
NOTIC: [8] Undefined index: name D:\phpStudy\WWW\cytest\Application\Common\Builder\ListBuilder.class.php 第 595 行.
NOTIC: [8] Undefined index: status D:\phpStudy\WWW\cytest\Application\Common\Builder\ListBuilder.class.php 第 568 行.
NOTIC: [8] Undefined index: forbid D:\phpStudy\WWW\cytest\Application\Common\Builder\ListBuilder.class.php 第 568 行.
NOTIC: [8] Undefined index: name D:\phpStudy\WWW\cytest\Application\Common\Builder\ListBuilder.class.php 第 595 行.
SQL: SELECT `user_nav` FROM `mke_admin_module` WHERE `status` = 1  [ RunTime:0.0332s ]
SQL: SELECT `title` FROM `mke_admin_module` WHERE `name` = 'Stock' LIMIT 1   [ RunTime:0.0336s ]
INFO: [ view_parse ] --START--
INFO: [ template_filter ] --START--
INFO: Run Behavior\ContentReplaceBehavior [ RunTime:0.001455s ]
INFO: [ template_filter ] --END-- [ RunTime:0.001527s ]
NOTIC: [8] Undefined index: title D:\phpStudy\WWW\cytest\Runtime\Cache\Stock\d2db961455aa86f1865a8062c7758332.php 第 707 行.
NOTIC: [8] Undefined index: title D:\phpStudy\WWW\cytest\Runtime\Cache\Stock\d2db961455aa86f1865a8062c7758332.php 第 707 行.
INFO: Run Behavior\ParseTemplateBehavior [ RunTime:0.138983s ]
INFO: [ view_parse ] --END-- [ RunTime:0.139073s ]
INFO: [ view_filter ] --START--
INFO: Run Behavior\WriteHtmlCacheBehavior [ RunTime:0.000706s ]
INFO: [ view_filter ] --END-- [ RunTime:0.000761s ]
INFO: [ app_end ] --START--
INFO: Run Behavior\ShowPageTraceBehavior [ RunTime:0.000926s ]
INFO: [ app_end ] --END-- [ RunTime:0.000995s ]

