[ 2017-01-18T10:34:59+08:00 ] ::1 /cytest/admin.php?s=/Stock/Index/index.html
INFO: [ app_init ] --START--
INFO: Run Behavior\BuildLiteBehavior [ RunTime:0.000025s ]
SQL: SHOW COLUMNS FROM `mke_admin_config` [ RunTime:0.0061s ]
SQL: SELECT `name`,`value`,`type` FROM `mke_admin_config` WHERE `status` = 1  [ RunTime:0.0005s ]
SQL: SHOW COLUMNS FROM `mke_admin_module` [ RunTime:0.0060s ]
SQL: SELECT `name` FROM `mke_admin_module` WHERE `status` = 1 AND `is_system` = 0  [ RunTime:0.0003s ]
INFO: Run Common\Behavior\InitModuleBehavior [ RunTime:0.029033s ]
INFO: [ app_init ] --END-- [ RunTime:0.029196s ]
INFO: [ app_begin ] --START--
INFO: Run Behavior\ReadHtmlCacheBehavior [ RunTime:0.001270s ]
SQL: SELECT `name`,`value`,`type` FROM `mke_admin_config` WHERE `status` = 1  [ RunTime:0.0006s ]
SQL: SELECT * FROM `mke_admin_module` WHERE `status` = 1  [ RunTime:0.0005s ]
INFO: Run Common\Behavior\InitConfigBehavior [ RunTime:0.005893s ]
INFO: [ app_begin ] --END-- [ RunTime:0.007311s ]
INFO: [ action_begin ] --START--
SQL: SHOW COLUMNS FROM `mke_admin_hook` [ RunTime:0.0056s ]
SQL: SELECT `name`,`addons` FROM `mke_admin_hook`  [ RunTime:0.0004s ]
SQL: SHOW COLUMNS FROM `mke_admin_addon` [ RunTime:0.0060s ]
SQL: SELECT `id`,`name` FROM `mke_admin_addon` WHERE `status` = 1 AND `name` IN ('后台首页小工具','ModelConfigEditor')  [ RunTime:0.0004s ]
SQL: SELECT `id`,`name` FROM `mke_admin_addon` WHERE `status` = 1 AND `name` IN ('RocketToTop')  [ RunTime:0.0003s ]
INFO: Run Common\Behavior\InitHookBehavior [ RunTime:0.018597s ]
INFO: [ action_begin ] --END-- [ RunTime:0.018709s ]
SQL: SHOW COLUMNS FROM `mke_admin_user` [ RunTime:0.0063s ]
SQL: SHOW COLUMNS FROM `mke_admin_group` [ RunTime:0.0062s ]
SQL: SELECT `admin_menu` FROM `mke_admin_module` WHERE `name` = 'Stock' LIMIT 1   [ RunTime:0.0004s ]
SQL: SHOW COLUMNS FROM `mke_admin_access` [ RunTime:0.0068s ]
SQL: SELECT `group` FROM `mke_admin_access` WHERE `uid` = 1 LIMIT 1   [ RunTime:0.0003s ]
SQL: SELECT `group` FROM `mke_admin_access` WHERE `uid` = 1 LIMIT 1   [ RunTime:0.0003s ]
SQL: SELECT * FROM `mke_admin_group` WHERE `id` = 1 LIMIT 1   [ RunTime:0.0003s ]
SQL: SELECT * FROM `mke_admin_module` WHERE `status` = 1 ORDER BY `sort` asc,`id` asc  [ RunTime:0.0004s ]
SQL: SELECT `admin_menu` FROM `mke_admin_module` WHERE `name` = 'Stock' LIMIT 1   [ RunTime:0.0004s ]
INFO: [ action_begin ] --START--
SQL: SELECT `name`,`addons` FROM `mke_admin_hook`  [ RunTime:0.0004s ]
SQL: SELECT `id`,`name` FROM `mke_admin_addon` WHERE `status` = 1 AND `name` IN ('后台首页小工具','ModelConfigEditor')  [ RunTime:0.0003s ]
SQL: SELECT `id`,`name` FROM `mke_admin_addon` WHERE `status` = 1 AND `name` IN ('RocketToTop')  [ RunTime:0.0003s ]
INFO: Run Common\Behavior\InitHookBehavior [ RunTime:0.003089s ]
INFO: [ action_begin ] --END-- [ RunTime:-0.033222s ]
NOTIC: [8] Undefined index: status D:\phpStudy\WWW\cytest\Application\Common\Builder\ListBuilder.class.php 第 568 行.
NOTIC: [8] Undefined index: forbid D:\phpStudy\WWW\cytest\Application\Common\Builder\ListBuilder.class.php 第 568 行.
NOTIC: [8] Undefined index: name D:\phpStudy\WWW\cytest\Application\Common\Builder\ListBuilder.class.php 第 595 行.
NOTIC: [8] Undefined index: status D:\phpStudy\WWW\cytest\Application\Common\Builder\ListBuilder.class.php 第 568 行.
NOTIC: [8] Undefined index: forbid D:\phpStudy\WWW\cytest\Application\Common\Builder\ListBuilder.class.php 第 568 行.
NOTIC: [8] Undefined index: name D:\phpStudy\WWW\cytest\Application\Common\Builder\ListBuilder.class.php 第 595 行.
SQL: SELECT `user_nav` FROM `mke_admin_module` WHERE `status` = 1  [ RunTime:0.0005s ]
SQL: SELECT `title` FROM `mke_admin_module` WHERE `name` = 'Stock' LIMIT 1   [ RunTime:0.0003s ]
INFO: [ view_parse ] --START--
INFO: [ template_filter ] --START--
INFO: Run Behavior\ContentReplaceBehavior [ RunTime:0.001350s ]
INFO: [ template_filter ] --END-- [ RunTime:0.001416s ]
NOTIC: [8] Undefined index: title D:\phpStudy\WWW\cytest\Runtime\Cache\Stock\d2db961455aa86f1865a8062c7758332.php 第 707 行.
NOTIC: [8] Undefined index: title D:\phpStudy\WWW\cytest\Runtime\Cache\Stock\d2db961455aa86f1865a8062c7758332.php 第 707 行.
INFO: Run Behavior\ParseTemplateBehavior [ RunTime:0.111602s ]
INFO: [ view_parse ] --END-- [ RunTime:0.111660s ]
INFO: [ view_filter ] --START--
INFO: Run Behavior\WriteHtmlCacheBehavior [ RunTime:0.000803s ]
INFO: [ view_filter ] --END-- [ RunTime:0.000851s ]
INFO: [ app_end ] --START--
INFO: Run Behavior\ShowPageTraceBehavior [ RunTime:0.001210s ]
INFO: [ app_end ] --END-- [ RunTime:0.001295s ]

[ 2017-01-18T10:35:02+08:00 ] ::1 /cytest/admin.php?s=/Stock/Index/index.html
INFO: [ app_init ] --START--
INFO: Run Behavior\BuildLiteBehavior [ RunTime:0.000018s ]
SQL: SHOW COLUMNS FROM `mke_admin_config` [ RunTime:0.0075s ]
SQL: SELECT `name`,`value`,`type` FROM `mke_admin_config` WHERE `status` = 1  [ RunTime:0.0008s ]
SQL: SHOW COLUMNS FROM `mke_admin_module` [ RunTime:0.0063s ]
SQL: SELECT `name` FROM `mke_admin_module` WHERE `status` = 1 AND `is_system` = 0  [ RunTime:0.0004s ]
INFO: Run Common\Behavior\InitModuleBehavior [ RunTime:0.033811s ]
INFO: [ app_init ] --END-- [ RunTime:0.033927s ]
INFO: [ app_begin ] --START--
INFO: Run Behavior\ReadHtmlCacheBehavior [ RunTime:0.001057s ]
SQL: SELECT `name`,`value`,`type` FROM `mke_admin_config` WHERE `status` = 1  [ RunTime:0.0006s ]
SQL: SELECT * FROM `mke_admin_module` WHERE `status` = 1  [ RunTime:0.0005s ]
INFO: Run Common\Behavior\InitConfigBehavior [ RunTime:0.005840s ]
INFO: [ app_begin ] --END-- [ RunTime:0.007031s ]
INFO: [ action_begin ] --START--
SQL: SHOW COLUMNS FROM `mke_admin_hook` [ RunTime:0.0068s ]
SQL: SELECT `name`,`addons` FROM `mke_admin_hook`  [ RunTime:0.0003s ]
SQL: SHOW COLUMNS FROM `mke_admin_addon` [ RunTime:0.0062s ]
SQL: SELECT `id`,`name` FROM `mke_admin_addon` WHERE `status` = 1 AND `name` IN ('后台首页小工具','ModelConfigEditor')  [ RunTime:0.0005s ]
SQL: SELECT `id`,`name` FROM `mke_admin_addon` WHERE `status` = 1 AND `name` IN ('RocketToTop')  [ RunTime:0.0003s ]
INFO: Run Common\Behavior\InitHookBehavior [ RunTime:0.020319s ]
INFO: [ action_begin ] --END-- [ RunTime:0.020416s ]
SQL: SHOW COLUMNS FROM `mke_admin_user` [ RunTime:0.0069s ]
SQL: SHOW COLUMNS FROM `mke_admin_group` [ RunTime:0.0066s ]
SQL: SELECT `admin_menu` FROM `mke_admin_module` WHERE `name` = 'Stock' LIMIT 1   [ RunTime:0.0004s ]
SQL: SHOW COLUMNS FROM `mke_admin_access` [ RunTime:0.0067s ]
SQL: SELECT `group` FROM `mke_admin_access` WHERE `uid` = 1 LIMIT 1   [ RunTime:0.0003s ]
SQL: SELECT `group` FROM `mke_admin_access` WHERE `uid` = 1 LIMIT 1   [ RunTime:0.0003s ]
SQL: SELECT * FROM `mke_admin_group` WHERE `id` = 1 LIMIT 1   [ RunTime:0.0004s ]
SQL: SELECT * FROM `mke_admin_module` WHERE `status` = 1 ORDER BY `sort` asc,`id` asc  [ RunTime:0.0007s ]
SQL: SELECT `admin_menu` FROM `mke_admin_module` WHERE `name` = 'Stock' LIMIT 1   [ RunTime:0.0004s ]
INFO: [ action_begin ] --START--
SQL: SELECT `name`,`addons` FROM `mke_admin_hook`  [ RunTime:0.0005s ]
SQL: SELECT `id`,`name` FROM `mke_admin_addon` WHERE `status` = 1 AND `name` IN ('后台首页小工具','ModelConfigEditor')  [ RunTime:0.0003s ]
SQL: SELECT `id`,`name` FROM `mke_admin_addon` WHERE `status` = 1 AND `name` IN ('RocketToTop')  [ RunTime:0.0002s ]
INFO: Run Common\Behavior\InitHookBehavior [ RunTime:0.003445s ]
INFO: [ action_begin ] --END-- [ RunTime:-0.035484s ]
NOTIC: [8] Undefined index: status D:\phpStudy\WWW\cytest\Application\Common\Builder\ListBuilder.class.php 第 568 行.
NOTIC: [8] Undefined index: forbid D:\phpStudy\WWW\cytest\Application\Common\Builder\ListBuilder.class.php 第 568 行.
NOTIC: [8] Undefined index: name D:\phpStudy\WWW\cytest\Application\Common\Builder\ListBuilder.class.php 第 595 行.
NOTIC: [8] Undefined index: status D:\phpStudy\WWW\cytest\Application\Common\Builder\ListBuilder.class.php 第 568 行.
NOTIC: [8] Undefined index: forbid D:\phpStudy\WWW\cytest\Application\Common\Builder\ListBuilder.class.php 第 568 行.
NOTIC: [8] Undefined index: name D:\phpStudy\WWW\cytest\Application\Common\Builder\ListBuilder.class.php 第 595 行.
SQL: SELECT `user_nav` FROM `mke_admin_module` WHERE `status` = 1  [ RunTime:0.0004s ]
SQL: SELECT `title` FROM `mke_admin_module` WHERE `name` = 'Stock' LIMIT 1   [ RunTime:0.0003s ]
INFO: [ view_parse ] --START--
INFO: [ template_filter ] --START--
INFO: Run Behavior\ContentReplaceBehavior [ RunTime:0.001941s ]
INFO: [ template_filter ] --END-- [ RunTime:0.002018s ]
NOTIC: [8] Undefined index: title D:\phpStudy\WWW\cytest\Runtime\Cache\Stock\d2db961455aa86f1865a8062c7758332.php 第 707 行.
NOTIC: [8] Undefined index: title D:\phpStudy\WWW\cytest\Runtime\Cache\Stock\d2db961455aa86f1865a8062c7758332.php 第 707 行.
INFO: Run Behavior\ParseTemplateBehavior [ RunTime:0.123920s ]
INFO: [ view_parse ] --END-- [ RunTime:0.123986s ]
INFO: [ view_filter ] --START--
INFO: Run Behavior\WriteHtmlCacheBehavior [ RunTime:0.000773s ]
INFO: [ view_filter ] --END-- [ RunTime:0.000822s ]
INFO: [ app_end ] --START--
INFO: Run Behavior\ShowPageTraceBehavior [ RunTime:0.001551s ]
INFO: [ app_end ] --END-- [ RunTime:0.001653s ]

[ 2017-01-18T10:35:04+08:00 ] ::1 /cytest/admin.php?s=/Stock/Index/index.html
INFO: [ app_init ] --START--
INFO: Run Behavior\BuildLiteBehavior [ RunTime:0.000015s ]
SQL: SHOW COLUMNS FROM `mke_admin_config` [ RunTime:0.0073s ]
SQL: SELECT `name`,`value`,`type` FROM `mke_admin_config` WHERE `status` = 1  [ RunTime:0.0007s ]
SQL: SHOW COLUMNS FROM `mke_admin_module` [ RunTime:0.0066s ]
SQL: SELECT `name` FROM `mke_admin_module` WHERE `status` = 1 AND `is_system` = 0  [ RunTime:0.0004s ]
INFO: Run Common\Behavior\InitModuleBehavior [ RunTime:0.032465s ]
INFO: [ app_init ] --END-- [ RunTime:0.032569s ]
INFO: [ app_begin ] --START--
INFO: Run Behavior\ReadHtmlCacheBehavior [ RunTime:0.000946s ]
SQL: SELECT `name`,`value`,`type` FROM `mke_admin_config` WHERE `status` = 1  [ RunTime:0.0005s ]
SQL: SELECT * FROM `mke_admin_module` WHERE `status` = 1  [ RunTime:0.0004s ]
INFO: Run Common\Behavior\InitConfigBehavior [ RunTime:0.004846s ]
INFO: [ app_begin ] --END-- [ RunTime:0.005903s ]
INFO: [ action_begin ] --START--
SQL: SHOW COLUMNS FROM `mke_admin_hook` [ RunTime:0.0056s ]
SQL: SELECT `name`,`addons` FROM `mke_admin_hook`  [ RunTime:0.0004s ]
SQL: SHOW COLUMNS FROM `mke_admin_addon` [ RunTime:0.0059s ]
SQL: SELECT `id`,`name` FROM `mke_admin_addon` WHERE `status` = 1 AND `name` IN ('后台首页小工具','ModelConfigEditor')  [ RunTime:0.0004s ]
SQL: SELECT `id`,`name` FROM `mke_admin_addon` WHERE `status` = 1 AND `name` IN ('RocketToTop')  [ RunTime:0.0003s ]
INFO: Run Common\Behavior\InitHookBehavior [ RunTime:0.018122s ]
INFO: [ action_begin ] --END-- [ RunTime:0.018216s ]
SQL: SHOW COLUMNS FROM `mke_admin_user` [ RunTime:0.0078s ]
SQL: SHOW COLUMNS FROM `mke_admin_group` [ RunTime:0.0075s ]
SQL: SELECT `admin_menu` FROM `mke_admin_module` WHERE `name` = 'Stock' LIMIT 1   [ RunTime:0.0004s ]
SQL: SHOW COLUMNS FROM `mke_admin_access` [ RunTime:0.0066s ]
SQL: SELECT `group` FROM `mke_admin_access` WHERE `uid` = 1 LIMIT 1   [ RunTime:0.0003s ]
SQL: SELECT `group` FROM `mke_admin_access` WHERE `uid` = 1 LIMIT 1   [ RunTime:0.0002s ]
SQL: SELECT * FROM `mke_admin_group` WHERE `id` = 1 LIMIT 1   [ RunTime:0.0003s ]
SQL: SELECT * FROM `mke_admin_module` WHERE `status` = 1 ORDER BY `sort` asc,`id` asc  [ RunTime:0.0006s ]
SQL: SELECT `admin_menu` FROM `mke_admin_module` WHERE `name` = 'Stock' LIMIT 1   [ RunTime:0.0004s ]
INFO: [ action_begin ] --START--
SQL: SELECT `name`,`addons` FROM `mke_admin_hook`  [ RunTime:0.0005s ]
SQL: SELECT `id`,`name` FROM `mke_admin_addon` WHERE `status` = 1 AND `name` IN ('后台首页小工具','ModelConfigEditor')  [ RunTime:0.0004s ]
SQL: SELECT `id`,`name` FROM `mke_admin_addon` WHERE `status` = 1 AND `name` IN ('RocketToTop')  [ RunTime:0.0004s ]
INFO: Run Common\Behavior\InitHookBehavior [ RunTime:0.003934s ]
INFO: [ action_begin ] --END-- [ RunTime:-0.037537s ]
NOTIC: [8] Undefined index: status D:\phpStudy\WWW\cytest\Application\Common\Builder\ListBuilder.class.php 第 568 行.
NOTIC: [8] Undefined index: forbid D:\phpStudy\WWW\cytest\Application\Common\Builder\ListBuilder.class.php 第 568 行.
NOTIC: [8] Undefined index: name D:\phpStudy\WWW\cytest\Application\Common\Builder\ListBuilder.class.php 第 595 行.
NOTIC: [8] Undefined index: status D:\phpStudy\WWW\cytest\Application\Common\Builder\ListBuilder.class.php 第 568 行.
NOTIC: [8] Undefined index: forbid D:\phpStudy\WWW\cytest\Application\Common\Builder\ListBuilder.class.php 第 568 行.
NOTIC: [8] Undefined index: name D:\phpStudy\WWW\cytest\Application\Common\Builder\ListBuilder.class.php 第 595 行.
SQL: SELECT `user_nav` FROM `mke_admin_module` WHERE `status` = 1  [ RunTime:0.0004s ]
SQL: SELECT `title` FROM `mke_admin_module` WHERE `name` = 'Stock' LIMIT 1   [ RunTime:0.0003s ]
INFO: [ view_parse ] --START--
INFO: [ template_filter ] --START--
INFO: Run Behavior\ContentReplaceBehavior [ RunTime:0.001585s ]
INFO: [ template_filter ] --END-- [ RunTime:0.001669s ]
NOTIC: [8] Undefined index: title D:\phpStudy\WWW\cytest\Runtime\Cache\Stock\d2db961455aa86f1865a8062c7758332.php 第 707 行.
NOTIC: [8] Undefined index: title D:\phpStudy\WWW\cytest\Runtime\Cache\Stock\d2db961455aa86f1865a8062c7758332.php 第 707 行.
INFO: Run Behavior\ParseTemplateBehavior [ RunTime:0.131060s ]
INFO: [ view_parse ] --END-- [ RunTime:0.131117s ]
INFO: [ view_filter ] --START--
INFO: Run Behavior\WriteHtmlCacheBehavior [ RunTime:0.000739s ]
INFO: [ view_filter ] --END-- [ RunTime:0.000788s ]
INFO: [ app_end ] --START--
INFO: Run Behavior\ShowPageTraceBehavior [ RunTime:0.001837s ]
INFO: [ app_end ] --END-- [ RunTime:0.001955s ]

[ 2017-01-18T10:35:40+08:00 ] ::1 /cytest/admin.php?s=/Stock/Index/index.html
INFO: [ app_init ] --START--
INFO: Run Behavior\BuildLiteBehavior [ RunTime:0.000019s ]
SQL: SHOW COLUMNS FROM `mke_admin_config` [ RunTime:0.0075s ]
SQL: SELECT `name`,`value`,`type` FROM `mke_admin_config` WHERE `status` = 1  [ RunTime:0.0005s ]
SQL: SHOW COLUMNS FROM `mke_admin_module` [ RunTime:0.0060s ]
SQL: SELECT `name` FROM `mke_admin_module` WHERE `status` = 1 AND `is_system` = 0  [ RunTime:0.0005s ]
INFO: Run Common\Behavior\InitModuleBehavior [ RunTime:0.031965s ]
INFO: [ app_init ] --END-- [ RunTime:0.032105s ]
INFO: [ app_begin ] --START--
INFO: Run Behavior\ReadHtmlCacheBehavior [ RunTime:0.001097s ]
SQL: SELECT `name`,`value`,`type` FROM `mke_admin_config` WHERE `status` = 1  [ RunTime:0.0007s ]
SQL: SELECT * FROM `mke_admin_module` WHERE `status` = 1  [ RunTime:0.0004s ]
INFO: Run Common\Behavior\InitConfigBehavior [ RunTime:0.005158s ]
INFO: [ app_begin ] --END-- [ RunTime:0.006380s ]
INFO: [ action_begin ] --START--
SQL: SHOW COLUMNS FROM `mke_admin_hook` [ RunTime:0.0073s ]
SQL: SELECT `name`,`addons` FROM `mke_admin_hook`  [ RunTime:0.0005s ]
SQL: SHOW COLUMNS FROM `mke_admin_addon` [ RunTime:0.0064s ]
SQL: SELECT `id`,`name` FROM `mke_admin_addon` WHERE `status` = 1 AND `name` IN ('后台首页小工具','ModelConfigEditor')  [ RunTime:0.0004s ]
SQL: SELECT `id`,`name` FROM `mke_admin_addon` WHERE `status` = 1 AND `name` IN ('RocketToTop')  [ RunTime:0.0003s ]
INFO: Run Common\Behavior\InitHookBehavior [ RunTime:0.021081s ]
INFO: [ action_begin ] --END-- [ RunTime:0.021158s ]
SQL: SHOW COLUMNS FROM `mke_admin_user` [ RunTime:0.0062s ]
SQL: SHOW COLUMNS FROM `mke_admin_group` [ RunTime:0.0058s ]
SQL: SELECT `admin_menu` FROM `mke_admin_module` WHERE `name` = 'Stock' LIMIT 1   [ RunTime:0.0003s ]
SQL: SHOW COLUMNS FROM `mke_admin_access` [ RunTime:0.0068s ]
SQL: SELECT `group` FROM `mke_admin_access` WHERE `uid` = 1 LIMIT 1   [ RunTime:0.0004s ]
SQL: SELECT `group` FROM `mke_admin_access` WHERE `uid` = 1 LIMIT 1   [ RunTime:0.0002s ]
SQL: SELECT * FROM `mke_admin_group` WHERE `id` = 1 LIMIT 1   [ RunTime:0.0003s ]
SQL: SELECT * FROM `mke_admin_module` WHERE `status` = 1 ORDER BY `sort` asc,`id` asc  [ RunTime:0.0004s ]
SQL: SELECT `admin_menu` FROM `mke_admin_module` WHERE `name` = 'Stock' LIMIT 1   [ RunTime:0.0004s ]
INFO: [ action_begin ] --START--
SQL: SELECT `name`,`addons` FROM `mke_admin_hook`  [ RunTime:0.0004s ]
SQL: SELECT `id`,`name` FROM `mke_admin_addon` WHERE `status` = 1 AND `name` IN ('后台首页小工具','ModelConfigEditor')  [ RunTime:0.0004s ]
SQL: SELECT `id`,`name` FROM `mke_admin_addon` WHERE `status` = 1 AND `name` IN ('RocketToTop')  [ RunTime:0.0003s ]
INFO: Run Common\Behavior\InitHookBehavior [ RunTime:0.003538s ]
INFO: [ action_begin ] --END-- [ RunTime:-0.032016s ]
NOTIC: [8] Undefined index: status D:\phpStudy\WWW\cytest\Application\Common\Builder\ListBuilder.class.php 第 568 行.
NOTIC: [8] Undefined index: forbid D:\phpStudy\WWW\cytest\Application\Common\Builder\ListBuilder.class.php 第 568 行.
NOTIC: [8] Undefined index: name D:\phpStudy\WWW\cytest\Application\Common\Builder\ListBuilder.class.php 第 595 行.
NOTIC: [8] Undefined index: status D:\phpStudy\WWW\cytest\Application\Common\Builder\ListBuilder.class.php 第 568 行.
NOTIC: [8] Undefined index: forbid D:\phpStudy\WWW\cytest\Application\Common\Builder\ListBuilder.class.php 第 568 行.
NOTIC: [8] Undefined index: name D:\phpStudy\WWW\cytest\Application\Common\Builder\ListBuilder.class.php 第 595 行.
SQL: SELECT `user_nav` FROM `mke_admin_module` WHERE `status` = 1  [ RunTime:0.0004s ]
SQL: SELECT `title` FROM `mke_admin_module` WHERE `name` = 'Stock' LIMIT 1   [ RunTime:0.0003s ]
INFO: [ view_parse ] --START--
INFO: [ template_filter ] --START--
INFO: Run Behavior\ContentReplaceBehavior [ RunTime:0.001441s ]
INFO: [ template_filter ] --END-- [ RunTime:0.001512s ]
NOTIC: [8] Undefined index: title D:\phpStudy\WWW\cytest\Runtime\Cache\Stock\d2db961455aa86f1865a8062c7758332.php 第 707 行.
NOTIC: [8] Undefined index: title D:\phpStudy\WWW\cytest\Runtime\Cache\Stock\d2db961455aa86f1865a8062c7758332.php 第 707 行.
INFO: Run Behavior\ParseTemplateBehavior [ RunTime:0.117872s ]
INFO: [ view_parse ] --END-- [ RunTime:0.117932s ]
INFO: [ view_filter ] --START--
INFO: Run Behavior\WriteHtmlCacheBehavior [ RunTime:0.000792s ]
INFO: [ view_filter ] --END-- [ RunTime:0.000844s ]
INFO: [ app_end ] --START--
INFO: Run Behavior\ShowPageTraceBehavior [ RunTime:0.001064s ]
INFO: [ app_end ] --END-- [ RunTime:0.001146s ]

[ 2017-01-18T10:35:44+08:00 ] ::1 /cytest/admin.php?s=/Stock/Index/index.html
INFO: [ app_init ] --START--
INFO: Run Behavior\BuildLiteBehavior [ RunTime:0.000026s ]
SQL: SHOW COLUMNS FROM `mke_admin_config` [ RunTime:0.0079s ]
SQL: SELECT `name`,`value`,`type` FROM `mke_admin_config` WHERE `status` = 1  [ RunTime:0.0005s ]
SQL: SHOW COLUMNS FROM `mke_admin_module` [ RunTime:0.0060s ]
SQL: SELECT `name` FROM `mke_admin_module` WHERE `status` = 1 AND `is_system` = 0  [ RunTime:0.0005s ]
INFO: Run Common\Behavior\InitModuleBehavior [ RunTime:0.035538s ]
INFO: [ app_init ] --END-- [ RunTime:0.035722s ]
INFO: [ app_begin ] --START--
INFO: Run Behavior\ReadHtmlCacheBehavior [ RunTime:0.000945s ]
SQL: SELECT `name`,`value`,`type` FROM `mke_admin_config` WHERE `status` = 1  [ RunTime:0.0008s ]
SQL: SELECT * FROM `mke_admin_module` WHERE `status` = 1  [ RunTime:0.0005s ]
INFO: Run Common\Behavior\InitConfigBehavior [ RunTime:0.005571s ]
INFO: [ app_begin ] --END-- [ RunTime:0.006668s ]
INFO: [ action_begin ] --START--
SQL: SHOW COLUMNS FROM `mke_admin_hook` [ RunTime:0.0069s ]
SQL: SELECT `name`,`addons` FROM `mke_admin_hook`  [ RunTime:0.0003s ]
SQL: SHOW COLUMNS FROM `mke_admin_addon` [ RunTime:0.0071s ]
SQL: SELECT `id`,`name` FROM `mke_admin_addon` WHERE `status` = 1 AND `name` IN ('后台首页小工具','ModelConfigEditor')  [ RunTime:0.0005s ]
SQL: SELECT `id`,`name` FROM `mke_admin_addon` WHERE `status` = 1 AND `name` IN ('RocketToTop')  [ RunTime:0.0004s ]
INFO: Run Common\Behavior\InitHookBehavior [ RunTime:0.021573s ]
INFO: [ action_begin ] --END-- [ RunTime:0.021684s ]
SQL: SHOW COLUMNS FROM `mke_admin_user` [ RunTime:0.0072s ]
SQL: SHOW COLUMNS FROM `mke_admin_group` [ RunTime:0.0072s ]
SQL: SELECT `admin_menu` FROM `mke_admin_module` WHERE `name` = 'Stock' LIMIT 1   [ RunTime:0.0004s ]
SQL: SHOW COLUMNS FROM `mke_admin_access` [ RunTime:0.0063s ]
SQL: SELECT `group` FROM `mke_admin_access` WHERE `uid` = 1 LIMIT 1   [ RunTime:0.0003s ]
SQL: SELECT `group` FROM `mke_admin_access` WHERE `uid` = 1 LIMIT 1   [ RunTime:0.0002s ]
SQL: SELECT * FROM `mke_admin_group` WHERE `id` = 1 LIMIT 1   [ RunTime:0.0003s ]
SQL: SELECT * FROM `mke_admin_module` WHERE `status` = 1 ORDER BY `sort` asc,`id` asc  [ RunTime:0.0006s ]
SQL: SELECT `admin_menu` FROM `mke_admin_module` WHERE `name` = 'Stock' LIMIT 1   [ RunTime:0.0004s ]
INFO: [ action_begin ] --START--
SQL: SELECT `name`,`addons` FROM `mke_admin_hook`  [ RunTime:0.0004s ]
SQL: SELECT `id`,`name` FROM `mke_admin_addon` WHERE `status` = 1 AND `name` IN ('后台首页小工具','ModelConfigEditor')  [ RunTime:0.0003s ]
SQL: SELECT `id`,`name` FROM `mke_admin_addon` WHERE `status` = 1 AND `name` IN ('RocketToTop')  [ RunTime:0.0003s ]
INFO: Run Common\Behavior\InitHookBehavior [ RunTime:0.003147s ]
INFO: [ action_begin ] --END-- [ RunTime:-0.036128s ]
NOTIC: [8] Undefined index: status D:\phpStudy\WWW\cytest\Application\Common\Builder\ListBuilder.class.php 第 568 行.
NOTIC: [8] Undefined index: forbid D:\phpStudy\WWW\cytest\Application\Common\Builder\ListBuilder.class.php 第 568 行.
NOTIC: [8] Undefined index: name D:\phpStudy\WWW\cytest\Application\Common\Builder\ListBuilder.class.php 第 595 行.
NOTIC: [8] Undefined index: status D:\phpStudy\WWW\cytest\Application\Common\Builder\ListBuilder.class.php 第 568 行.
NOTIC: [8] Undefined index: forbid D:\phpStudy\WWW\cytest\Application\Common\Builder\ListBuilder.class.php 第 568 行.
NOTIC: [8] Undefined index: name D:\phpStudy\WWW\cytest\Application\Common\Builder\ListBuilder.class.php 第 595 行.
SQL: SELECT `user_nav` FROM `mke_admin_module` WHERE `status` = 1  [ RunTime:0.0004s ]
SQL: SELECT `title` FROM `mke_admin_module` WHERE `name` = 'Stock' LIMIT 1   [ RunTime:0.0003s ]
INFO: [ view_parse ] --START--
INFO: [ template_filter ] --START--
INFO: Run Behavior\ContentReplaceBehavior [ RunTime:0.001859s ]
INFO: [ template_filter ] --END-- [ RunTime:0.001971s ]
NOTIC: [8] Undefined index: title D:\phpStudy\WWW\cytest\Runtime\Cache\Stock\d2db961455aa86f1865a8062c7758332.php 第 707 行.
NOTIC: [8] Undefined index: title D:\phpStudy\WWW\cytest\Runtime\Cache\Stock\d2db961455aa86f1865a8062c7758332.php 第 707 行.
INFO: Run Behavior\ParseTemplateBehavior [ RunTime:0.136259s ]
INFO: [ view_parse ] --END-- [ RunTime:0.136331s ]
INFO: [ view_filter ] --START--
INFO: Run Behavior\WriteHtmlCacheBehavior [ RunTime:0.000800s ]
INFO: [ view_filter ] --END-- [ RunTime:0.000849s ]
INFO: [ app_end ] --START--
INFO: Run Behavior\ShowPageTraceBehavior [ RunTime:0.001557s ]
INFO: [ app_end ] --END-- [ RunTime:0.001671s ]

